# setup
# test write
=== Request error after 102ms (/NotificationBeacons)
=== Request error after 101ms (/NotificationBeacons)
=== Request error after 101ms (/NotificationBeacons)
=== Request error after 100ms (/NotificationBeacons)
=== Request time: 118ms (/NotificationBeacons)
=== Request time: 121ms (/NotificationBeacons)
=== Request time: 148ms (/NotificationBeacons)
=== Request time: 151ms (/NotificationBeacons)
=== Request time: 122ms (/db/)
=== Request time: 585ms (/NotificationBeacons)
=== Request time: 612ms (/NotificationBeacons)
=== Request time: 628ms (/NotificationBeacons)
=== Request time: 643ms (/NotificationBeacons)
=== Request time: 114ms (/db/)
=== Request time: 1345ms (/db/ThaliManagerCoordinated/_changes?timeout=25000&style=all_docs&since=0&limit=100)
=== Request time: 802ms (/db/ThaliManagerCoordinated/_changes?timeout=25000&style=all_docs&since=0&limit=100)
=== Request time: 1130ms (/db/ThaliManagerCoordinated/_all_docs?conflicts=true&include_docs=true)
=== Request time: 83ms (/NotificationBeacons)
=== Request time: 98ms (/NotificationBeacons)
=== Request time: 101ms (/NotificationBeacons)
=== Request time: 123ms (/NotificationBeacons)
=== Request time: 1531ms (/db/ThaliManagerCoordinated/_changes?timeout=25000&style=all_docs&since=1&limit=100)
=== Request time: 1960ms (/db/ThaliManagerCoordinated/_changes?timeout=25000&style=all_docs&since=1&limit=100)
=== Request time: 126ms (/db/)
=== Request time: 2491ms (/db/ThaliManagerCoordinated/_all_docs?conflicts=true&include_docs=true)
=== Request time: 183ms (/NotificationBeacons)
=== Request time: 243ms (/NotificationBeacons)
=== Request time: 254ms (/NotificationBeacons)
=== Request time: 280ms (/NotificationBeacons)
# teardown
=== Request time: 201ms (/db/)
=== Request time: 126ms (/NotificationBeacons)
=== Request time: 151ms (/NotificationBeacons)
=== Request time: 185ms (/NotificationBeacons)
=== Request time: 205ms (/NotificationBeacons)
=== Request error after 3222ms (/db/ThaliManagerCoordinated/_local/thali_BJcvHauO9281jJHKfLbg7J2wI52LjqXv8iuwdeVkWn6pGhtphcA5HQPtjYcqzVM2ixmMj8hA-KmJb0sDcUwYZ7s?)
=== Request error after 3125ms (/db/ThaliManagerCoordinated/_local/lqqo6nTYd8QsEx9gvYx1TA%3D%3D?)
=== Request error after 2902ms (/db/ThaliManagerCoordinated/_changes?timeout=25000&style=all_docs&feed=longpoll&heartbeat=10000&since=1&limit=100)
=== Request error after 2466ms (/db/ThaliManagerCoordinated/_changes?timeout=25000&style=all_docs&feed=longpoll&heartbeat=10000&since=1&limit=100)
=== Request error after 1893ms (/db/ThaliManagerCoordinated/_local/thali_BJcvHauO9281jJHKfLbg7J2wI52LjqXv8iuwdeVkWn6pGhtphcA5HQPtjYcqzVM2ixmMj8hA-KmJb0sDcUwYZ7s?)
=== Request error after 1774ms (/db/ThaliManagerCoordinated/_local/QtYqFAy_Qn5dSZpdTHK.7g%3D%3D?)
=== Request error after 2417ms (/db/ThaliManagerCoordinated/_local/lqqo6nTYd8QsEx9gvYx1TA%3D%3D?)
=== Request error after 332ms (/db/ThaliManagerCoordinated/_local/QtYqFAy_Qn5dSZpdTHK.7g%3D%3D?)
=== Request error after 117ms (/db/)
=== Request time: 6150ms (/db/ThaliManagerCoordinated/_local/thali_BJcvHauO9281jJHKfLbg7J2wI52LjqXv8iuwdeVkWn6pGhtphcA5HQPtjYcqzVM2ixmMj8hA-KmJb0sDcUwYZ7s?)
=== Request time: 6739ms (/db/ThaliManagerCoordinated/_local/lqqo6nTYd8QsEx9gvYx1TA%3D%3D?)
=== Request time: 7303ms (/db/ThaliManagerCoordinated/_local/lqqo6nTYd8QsEx9gvYx1TA%3D%3D?)
=== Request error after 8533ms (/db/ThaliManagerCoordinated/_local/thali_BJcvHauO9281jJHKfLbg7J2wI52LjqXv8iuwdeVkWn6pGhtphcA5HQPtjYcqzVM2ixmMj8hA-KmJb0sDcUwYZ7s?)
=== Request error after 8531ms (/db/ThaliManagerCoordinated/_local/QtYqFAy_Qn5dSZpdTHK.7g%3D%3D?)
=== Request error after 1577ms (/db/ThaliManagerCoordinated/_local/lqqo6nTYd8QsEx9gvYx1TA%3D%3D)
=== Request error after 21ms (/db/ThaliManagerCoordinated/_changes?timeout=25000&style=all_docs&since=0&limit=100)
# setup
# test repeat write 1
=== Request error after 7ms (/NotificationBeacons)
=== Request error after 7ms (/NotificationBeacons)
=== Request error after 7ms (/NotificationBeacons)
=== Request error after 6ms (/NotificationBeacons)
=== Request error after 8ms (/NotificationBeacons)
=== Request error after 8ms (/NotificationBeacons)
=== Request error after 7ms (/NotificationBeacons)
=== Request error after 7ms (/NotificationBeacons)
=== Request time: 138ms (/NotificationBeacons)
=== Request time: 157ms (/NotificationBeacons)
=== Request time: 191ms (/NotificationBeacons)
=== Request time: 202ms (/NotificationBeacons)
=== Request time: 173ms (/NotificationBeacons)
=== Request time: 175ms (/NotificationBeacons)
=== Request time: 178ms (/NotificationBeacons)
=== Request time: 180ms (/NotificationBeacons)
=== Request time: 107ms (/db/)
=== Request time: 143ms (/db/)
=== Request time: 183ms (/NotificationBeacons)
=== Request time: 95ms (/NotificationBeacons)
=== Request time: 99ms (/NotificationBeacons)
=== Request time: 101ms (/NotificationBeacons)
=== Request time: 208ms (/NotificationBeacons)
=== Request time: 125ms (/NotificationBeacons)
=== Request time: 223ms (/NotificationBeacons)
=== Request time: 223ms (/NotificationBeacons)
=== Request time: 145ms (/db/)
=== Request time: 224ms (/db/)
=== Request time: 3401ms (/db/ThaliManagerCoordinated/_changes?timeout=25000&style=all_docs&since=0&limit=100)
=== Request time: 3387ms (/db/ThaliManagerCoordinated/_changes?timeout=25000&style=all_docs&since=0&limit=100)
=== Request time: 3657ms (/db/ThaliManagerCoordinated/_changes?timeout=25000&style=all_docs&since=0&limit=100)
=== Request time: 4945ms (/db/ThaliManagerCoordinated/_changes?timeout=25000&style=all_docs&since=0&limit=100)
=== Request time: 155ms (/NotificationBeacons)
=== Request time: 166ms (/NotificationBeacons)
=== Request time: 176ms (/NotificationBeacons)
=== Request time: 201ms (/NotificationBeacons)
=== Request time: 2777ms (/db/ThaliManagerCoordinated/_changes?timeout=25000&style=all_docs&since=4&limit=100)
=== Request time: 3131ms (/db/ThaliManagerCoordinated/_bulk_get?revs=true&latest=true)
=== Request time: 136ms (/db/)
=== Request time: 3975ms (/db/ThaliManagerCoordinated/_changes?timeout=25000&style=all_docs&since=4&limit=100)
=== Request time: 121ms (/NotificationBeacons)
=== Request time: 131ms (/NotificationBeacons)
=== Request time: 158ms (/NotificationBeacons)
=== Request time: 168ms (/NotificationBeacons)
=== Request time: 83ms (/db/)
=== Request time: 4945ms (/db/ThaliManagerCoordinated/_bulk_get?revs=true&latest=true)
=== Request time: 4587ms (/db/ThaliManagerCoordinated/_bulk_get?revs=true&latest=true)
# teardown
=== Request time: 5003ms (/db/ThaliManagerCoordinated/_changes?timeout=25000&style=all_docs&since=4&limit=100)
=== Request time: 146ms (/NotificationBeacons)
=== Request time: 167ms (/NotificationBeacons)
=== Request time: 236ms (/NotificationBeacons)
=== Request time: 245ms (/NotificationBeacons)
=== Request time: 122ms (/db/)
=== Request time: 113ms (/NotificationBeacons)
=== Request time: 156ms (/NotificationBeacons)
=== Request time: 180ms (/NotificationBeacons)
=== Request time: 190ms (/NotificationBeacons)
=== Request time: 143ms (/db/)
=== Request error after 5505ms (/db/ThaliManagerCoordinated/_changes?timeout=25000&style=all_docs&feed=longpoll&heartbeat=10000&since=4&limit=100)
=== Request error after 5039ms (/db/ThaliManagerCoordinated/_local/thali_BJcvHauO9281jJHKfLbg7J2wI52LjqXv8iuwdeVkWn6pGhtphcA5HQPtjYcqzVM2ixmMj8hA-KmJb0sDcUwYZ7s?)
=== Request error after 4936ms (/db/ThaliManagerCoordinated/_local/QniInlrhCl1JOPDbvabdUQ%3D%3D?)
=== Request error after 4094ms (/db/ThaliManagerCoordinated/_changes?timeout=25000&style=all_docs&since=5&limit=100)
=== Request error after 3177ms (/db/ThaliManagerCoordinated/_local/thali_BJcvHauO9281jJHKfLbg7J2wI52LjqXv8iuwdeVkWn6pGhtphcA5HQPtjYcqzVM2ixmMj8hA-KmJb0sDcUwYZ7s?)
=== Request error after 3077ms (/db/ThaliManagerCoordinated/_local/O8fUOopZ58X7J_wPaCAKgw%3D%3D?)
=== Request error after 6144ms (/db/ThaliManagerCoordinated/_changes?timeout=25000&style=all_docs&since=4&limit=100)
=== Request error after 6110ms (/db/ThaliManagerCoordinated/_bulk_get?revs=true&latest=true)
=== Request error after 2439ms (/db/ThaliManagerCoordinated/_local/thali_BJcvHauO9281jJHKfLbg7J2wI52LjqXv8iuwdeVkWn6pGhtphcA5HQPtjYcqzVM2ixmMj8hA-KmJb0sDcUwYZ7s?)
=== Request error after 2395ms (/db/ThaliManagerCoordinated/_local/QniInlrhCl1JOPDbvabdUQ%3D%3D?)
=== Request error after 2187ms (/db/ThaliManagerCoordinated/_changes?timeout=25000&style=all_docs&since=5&limit=100)
=== Request error after 4997ms (/db/ThaliManagerCoordinated/_changes?timeout=25000&style=all_docs&since=0&limit=100)
=== Request error after 3438ms (/db/ThaliManagerCoordinated/_local/QniInlrhCl1JOPDbvabdUQ%3D%3D?)
=== Request error after 425ms (/db/ThaliManagerCoordinated/_local/QniInlrhCl1JOPDbvabdUQ%3D%3D?)
=== Request time: 10823ms (/db/ThaliManagerCoordinated/_local/thali_BJcvHauO9281jJHKfLbg7J2wI52LjqXv8iuwdeVkWn6pGhtphcA5HQPtjYcqzVM2ixmMj8hA-KmJb0sDcUwYZ7s?)
=== Request time: 11355ms (/db/ThaliManagerCoordinated/_local/thali_BJcvHauO9281jJHKfLbg7J2wI52LjqXv8iuwdeVkWn6pGhtphcA5HQPtjYcqzVM2ixmMj8hA-KmJb0sDcUwYZ7s?)
=== Request time: 11737ms (/db/ThaliManagerCoordinated/_local/thali_BJcvHauO9281jJHKfLbg7J2wI52LjqXv8iuwdeVkWn6pGhtphcA5HQPtjYcqzVM2ixmMj8hA-KmJb0sDcUwYZ7s?)
=== Request time: 11935ms (/db/ThaliManagerCoordinated/_local/QniInlrhCl1JOPDbvabdUQ%3D%3D?)
=== Request error after 12436ms (/db/ThaliManagerCoordinated/_local/QniInlrhCl1JOPDbvabdUQ%3D%3D?)
=== Request error after 12434ms (/db/ThaliManagerCoordinated/_local/QniInlrhCl1JOPDbvabdUQ%3D%3D?)
=== Request error after 12040ms (/db/ThaliManagerCoordinated/BHz59y%2BEIYz0nC8%2FGvqLB8jYGUGqxh446upihsQxQxEtGRBSdXQB9dyNTk9N3SsK6veN45X3wkLnuldAfl01wO8%3D?revs=true&latest=true&open_revs=%5B%222-0502261236d5f9ce6ecec44946d89cc2%22%5D)
=== Request error after 12013ms (/db/ThaliManagerCoordinated/_local/O8fUOopZ58X7J_wPaCAKgw%3D%3D?)
# setup
# test repeat write 2
=== Request error after 37ms (/NotificationBeacons)
=== Request error after 36ms (/NotificationBeacons)
=== Request error after 33ms (/NotificationBeacons)
=== Request error after 33ms (/NotificationBeacons)
=== Request error after 22ms (/NotificationBeacons)
=== Request error after 21ms (/NotificationBeacons)
=== Request error after 20ms (/NotificationBeacons)
=== Request error after 19ms (/NotificationBeacons)
=== Request time: 174ms (/NotificationBeacons)
=== Request time: 181ms (/NotificationBeacons)
=== Request time: 302ms (/NotificationBeacons)
=== Request time: 307ms (/NotificationBeacons)
=== Request time: 313ms (/NotificationBeacons)
=== Request time: 277ms (/NotificationBeacons)
=== Request time: 284ms (/NotificationBeacons)
=== Request time: 362ms (/NotificationBeacons)
=== Request time: 127ms (/db/)
=== Request time: 124ms (/db/)
=== Request time: 172ms (/NotificationBeacons)
=== Request time: 215ms (/NotificationBeacons)
=== Request time: 224ms (/NotificationBeacons)
=== Request time: 233ms (/NotificationBeacons)
=== Request time: 281ms (/NotificationBeacons)
=== Request time: 269ms (/NotificationBeacons)
=== Request time: 307ms (/NotificationBeacons)
=== Request time: 315ms (/NotificationBeacons)
=== Request time: 110ms (/db/)
=== Request time: 86ms (/db/)
=== Request time: 3753ms (/db/ThaliManagerCoordinated/_changes?timeout=25000&style=all_docs&since=0&limit=100)
=== Request time: 4559ms (/db/ThaliManagerCoordinated/_changes?timeout=25000&style=all_docs&since=0&limit=100)
=== Request time: 4512ms (/db/ThaliManagerCoordinated/_changes?timeout=25000&style=all_docs&since=0&limit=100)
=== Request time: 5420ms (/db/ThaliManagerCoordinated/_changes?timeout=25000&style=all_docs&since=0&limit=100)
=== Request time: 116ms (/NotificationBeacons)
=== Request time: 142ms (/NotificationBeacons)
=== Request time: 172ms (/NotificationBeacons)
=== Request time: 183ms (/NotificationBeacons)
=== Request time: 89ms (/db/)
=== Request time: 2525ms (/db/ThaliManagerCoordinated/_bulk_get?revs=true&latest=true)
=== Request time: 3573ms (/db/ThaliManagerCoordinated/_changes?timeout=25000&style=all_docs&since=7&limit=100)
=== Request time: 2793ms (/db/ThaliManagerCoordinated/_changes?timeout=25000&style=all_docs&since=7&limit=100)
=== Request time: 4156ms (/db/ThaliManagerCoordinated/_bulk_get?revs=true&latest=true)
# teardown
=== Request time: 154ms (/NotificationBeacons)
=== Request time: 164ms (/NotificationBeacons)
=== Request time: 183ms (/NotificationBeacons)
=== Request time: 229ms (/NotificationBeacons)
=== Request time: 220ms (/NotificationBeacons)
=== Request time: 228ms (/NotificationBeacons)
=== Request time: 237ms (/NotificationBeacons)
=== Request time: 248ms (/NotificationBeacons)
=== Request time: 87ms (/db/)
=== Request time: 140ms (/db/)
=== Request time: 7060ms (/db/ThaliManagerCoordinated/_changes?timeout=25000&style=all_docs&since=7&limit=100)
=== Request time: 119ms (/NotificationBeacons)
=== Request time: 147ms (/NotificationBeacons)
=== Request time: 157ms (/NotificationBeacons)
=== Request time: 5931ms (/db/ThaliManagerCoordinated/_changes?timeout=25000&style=all_docs&since=7&limit=100)
=== Request time: 191ms (/NotificationBeacons)
=== Request time: 6204ms (/db/ThaliManagerCoordinated/_bulk_get?revs=true&latest=true)
=== Request time: 7500ms (/db/ThaliManagerCoordinated/_bulk_get?revs=true&latest=true)
=== Request error after 4772ms (/db/ThaliManagerCoordinated/_changes?timeout=25000&style=all_docs&feed=longpoll&heartbeat=10000&since=7&limit=100)
=== Request error after 4326ms (/db/ThaliManagerCoordinated/_local/thali_BJcvHauO9281jJHKfLbg7J2wI52LjqXv8iuwdeVkWn6pGhtphcA5HQPtjYcqzVM2ixmMj8hA-KmJb0sDcUwYZ7s?)
=== Request error after 4303ms (/db/ThaliManagerCoordinated/_local/lfKyS7s8j6mlteb2Qu4bgg%3D%3D?)
=== Request error after 4977ms (/db/ThaliManagerCoordinated/_local/thali_BJcvHauO9281jJHKfLbg7J2wI52LjqXv8iuwdeVkWn6pGhtphcA5HQPtjYcqzVM2ixmMj8hA-KmJb0sDcUwYZ7s?)
=== Request error after 4870ms (/db/ThaliManagerCoordinated/_local/J.WKBqVzyUmHGj1012bz5A%3D%3D?)
=== Request error after 4711ms (/db/ThaliManagerCoordinated/_changes?timeout=25000&style=all_docs&since=8&limit=100)
=== Request error after 143ms (/db/ThaliManagerCoordinated/_changes?timeout=25000&style=all_docs&since=9&limit=100)
=== Request error after 206ms (/db/ThaliManagerCoordinated/_changes?timeout=25000&style=all_docs&since=9&limit=100)
=== Request error after 5020ms (/db/ThaliManagerCoordinated/_changes?timeout=25000&style=all_docs&since=0&limit=100)
=== Request error after 2372ms (/db/ThaliManagerCoordinated/_local/lfKyS7s8j6mlteb2Qu4bgg%3D%3D?)
=== Request error after 2395ms (/db/ThaliManagerCoordinated/_local/J.WKBqVzyUmHGj1012bz5A%3D%3D?)
=== Request error after 114ms (/db/)
=== Request time: 11714ms (/db/ThaliManagerCoordinated/_local/thali_BJcvHauO9281jJHKfLbg7J2wI52LjqXv8iuwdeVkWn6pGhtphcA5HQPtjYcqzVM2ixmMj8hA-KmJb0sDcUwYZ7s?)
=== Request time: 11705ms (/db/ThaliManagerCoordinated/_local/lfKyS7s8j6mlteb2Qu4bgg%3D%3D?)
=== Request error after 11984ms (/db/ThaliManagerCoordinated/_local/J.WKBqVzyUmHGj1012bz5A%3D%3D?)
=== Request error after 11974ms (/db/ThaliManagerCoordinated/_local/J.WKBqVzyUmHGj1012bz5A%3D%3D?)
=== Request error after 11593ms (/db/ThaliManagerCoordinated/_local/thali_BJcvHauO9281jJHKfLbg7J2wI52LjqXv8iuwdeVkWn6pGhtphcA5HQPtjYcqzVM2ixmMj8hA-KmJb0sDcUwYZ7s?)
=== Request error after 11556ms (/db/ThaliManagerCoordinated/_local/J.WKBqVzyUmHGj1012bz5A%3D%3D?)
=== Request error after 12072ms (/db/ThaliManagerCoordinated/_local/thali_BJcvHauO9281jJHKfLbg7J2wI52LjqXv8iuwdeVkWn6pGhtphcA5HQPtjYcqzVM2ixmMj8hA-KmJb0sDcUwYZ7s?)
=== Request error after 11588ms (/db/ThaliManagerCoordinated/_local/thali_BJcvHauO9281jJHKfLbg7J2wI52LjqXv8iuwdeVkWn6pGhtphcA5HQPtjYcqzVM2ixmMj8hA-KmJb0sDcUwYZ7s?)
=== Request error after 11553ms (/db/ThaliManagerCoordinated/_local/lfKyS7s8j6mlteb2Qu4bgg%3D%3D?)
=== Request error after 372ms (/db/ThaliManagerCoordinated/_local/lfKyS7s8j6mlteb2Qu4bgg%3D%3D)
=== Request error after 38ms (/db/ThaliManagerCoordinated/_changes?timeout=25000&style=all_docs&since=0&limit=100)
# setup
# test repeat write 3
=== Request error after 36ms (/NotificationBeacons)
=== Request error after 33ms (/NotificationBeacons)
=== Request error after 31ms (/NotificationBeacons)
=== Request error after 30ms (/NotificationBeacons)
=== Request error after 30ms (/NotificationBeacons)
=== Request error after 28ms (/NotificationBeacons)
=== Request error after 26ms (/NotificationBeacons)
=== Request error after 24ms (/NotificationBeacons)
=== Request time: 179ms (/NotificationBeacons)
=== Request time: 191ms (/NotificationBeacons)
=== Request time: 202ms (/NotificationBeacons)
=== Request time: 240ms (/NotificationBeacons)
=== Request time: 252ms (/NotificationBeacons)
=== Request time: 281ms (/NotificationBeacons)
=== Request time: 287ms (/NotificationBeacons)
=== Request time: 300ms (/NotificationBeacons)
=== Request time: 237ms (/db/)
=== Request time: 187ms (/db/)
=== Request time: 158ms (/NotificationBeacons)
=== Request time: 199ms (/NotificationBeacons)
=== Request time: 209ms (/NotificationBeacons)
=== Request time: 218ms (/NotificationBeacons)
=== Request time: 281ms (/NotificationBeacons)
=== Request time: 290ms (/NotificationBeacons)
=== Request time: 325ms (/NotificationBeacons)
=== Request time: 335ms (/NotificationBeacons)
=== Request time: 106ms (/db/)
=== Request time: 92ms (/db/)
=== Request time: 245ms (/NotificationBeacons)
=== Request time: 263ms (/NotificationBeacons)
=== Request time: 285ms (/NotificationBeacons)
=== Request time: 295ms (/NotificationBeacons)
=== Request time: 78ms (/db/)
=== Request time: 5386ms (/db/ThaliManagerCoordinated/_changes?timeout=25000&style=all_docs&since=0&limit=100)
=== Request time: 148ms (/NotificationBeacons)
=== Request time: 171ms (/NotificationBeacons)
=== Request time: 180ms (/NotificationBeacons)
=== Request time: 191ms (/NotificationBeacons)
=== Request time: 122ms (/db/)
=== Request time: 5166ms (/db/ThaliManagerCoordinated/_changes?timeout=25000&style=all_docs&since=0&limit=100)
=== Request time: 7213ms (/db/ThaliManagerCoordinated/_changes?timeout=25000&style=all_docs&since=0&limit=100)
=== Request time: 7151ms (/db/ThaliManagerCoordinated/_changes?timeout=25000&style=all_docs&since=0&limit=100)
=== Request time: 3214ms (/db/ThaliManagerCoordinated/_changes?timeout=25000&style=all_docs&since=0&limit=100)
=== Request time: 5085ms (/db/ThaliManagerCoordinated/_bulk_get?revs=true&latest=true)
=== Request time: 5281ms (/db/ThaliManagerCoordinated/_changes?timeout=25000&style=all_docs&since=11&limit=100)
=== Request time: 5238ms (/db/ThaliManagerCoordinated/_changes?timeout=25000&style=all_docs&since=0&limit=100)
=== Request time: 5685ms (/db/ThaliManagerCoordinated/_changes?timeout=25000&style=all_docs&since=11&limit=100)
=== Request time: 139ms (/NotificationBeacons)
=== Request time: 158ms (/NotificationBeacons)
=== Request time: 190ms (/NotificationBeacons)
=== Request time: 196ms (/NotificationBeacons)
=== Request time: 99ms (/db/)
=== Request time: 7799ms (/db/ThaliManagerCoordinated/_changes?timeout=25000&style=all_docs&since=11&limit=100)
=== Request time: 7012ms (/db/ThaliManagerCoordinated/_bulk_get?revs=true&latest=true)
=== Request time: 8049ms (/db/ThaliManagerCoordinated/_bulk_get?revs=true&latest=true)
# teardown
=== Request time: 219ms (/NotificationBeacons)
=== Request time: 231ms (/NotificationBeacons)
=== Request time: 254ms (/NotificationBeacons)
=== Request time: 258ms (/NotificationBeacons)
=== Request error after 7429ms (/db/ThaliManagerCoordinated/_local/thali_BJcvHauO9281jJHKfLbg7J2wI52LjqXv8iuwdeVkWn6pGhtphcA5HQPtjYcqzVM2ixmMj8hA-KmJb0sDcUwYZ7s?)
=== Request error after 7382ms (/db/ThaliManagerCoordinated/_local/A6rTwg3riashFCX.RAs0tw%3D%3D?)
=== Request error after 7231ms (/db/ThaliManagerCoordinated/_changes?timeout=25000&style=all_docs&feed=longpoll&heartbeat=10000&since=11&limit=100)
=== Request error after 5352ms (/db/ThaliManagerCoordinated/_changes?timeout=25000&style=all_docs&feed=longpoll&heartbeat=10000&since=11&limit=100)
=== Request error after 3810ms (/db/ThaliManagerCoordinated/_local/thali_BJcvHauO9281jJHKfLbg7J2wI52LjqXv8iuwdeVkWn6pGhtphcA5HQPtjYcqzVM2ixmMj8hA-KmJb0sDcUwYZ7s?)
=== Request error after 3751ms (/db/ThaliManagerCoordinated/_local/h.Rftg1qGhFO2g169yrtxg%3D%3D?)
=== Request error after 10070ms (/db/ThaliManagerCoordinated/_changes?timeout=25000&style=all_docs&since=11&limit=100)
=== Request error after 10036ms (/db/ThaliManagerCoordinated/_bulk_get?revs=true&latest=true)
=== Request error after 3676ms (/db/ThaliManagerCoordinated/_local/thali_BJcvHauO9281jJHKfLbg7J2wI52LjqXv8iuwdeVkWn6pGhtphcA5HQPtjYcqzVM2ixmMj8hA-KmJb0sDcUwYZ7s?)
=== Request error after 3840ms (/db/ThaliManagerCoordinated/_changes?timeout=25000&style=all_docs&feed=longpoll&heartbeat=10000&since=11&limit=100)
=== Request error after 3658ms (/db/ThaliManagerCoordinated/_local/A6rTwg3riashFCX.RAs0tw%3D%3D?)
=== Request error after 9734ms (/db/ThaliManagerCoordinated/_changes?timeout=25000&style=all_docs&since=11&limit=100)
=== Request error after 9706ms (/db/ThaliManagerCoordinated/_bulk_get?revs=true&latest=true)
=== Request error after 6413ms (/db/ThaliManagerCoordinated/_changes?timeout=25000&style=all_docs&since=11&limit=100)
=== Request error after 6385ms (/db/ThaliManagerCoordinated/_bulk_get?revs=true&latest=true)
=== Request error after 4151ms (/db/ThaliManagerCoordinated/_changes?timeout=25000&style=all_docs&since=0&limit=100)
=== Request error after 110ms (/db/)
=== Request error after 11323ms (/db/ThaliManagerCoordinated/_local/thali_BJcvHauO9281jJHKfLbg7J2wI52LjqXv8iuwdeVkWn6pGhtphcA5HQPtjYcqzVM2ixmMj8hA-KmJb0sDcUwYZ7s?)
=== Request error after 11334ms (/db/ThaliManagerCoordinated/_local/A6rTwg3riashFCX.RAs0tw%3D%3D?)
=== Request error after 11325ms (/db/ThaliManagerCoordinated/_local/thali_BJcvHauO9281jJHKfLbg7J2wI52LjqXv8iuwdeVkWn6pGhtphcA5HQPtjYcqzVM2ixmMj8hA-KmJb0sDcUwYZ7s?)
=== Request error after 11316ms (/db/ThaliManagerCoordinated/_local/thali_BJcvHauO9281jJHKfLbg7J2wI52LjqXv8iuwdeVkWn6pGhtphcA5HQPtjYcqzVM2ixmMj8hA-KmJb0sDcUwYZ7s?)
=== Request error after 10808ms (/db/ThaliManagerCoordinated/BHz59y%2BEIYz0nC8%2FGvqLB8jYGUGqxh446upihsQxQxEtGRBSdXQB9dyNTk9N3SsK6veN45X3wkLnuldAfl01wO8%3D?revs=true&latest=true&open_revs=%5B%224-18140202a762efc5a600df208b240a1d%22%5D)
=== Request error after 10788ms (/db/ThaliManagerCoordinated/BO0YCDXE9xBd06fkywlqVcpgzL2fneB5J0vZO6sPkXtMJnMNOt2q249mpmC%2Fx8L8cCa8nWnNx6%2Bgb03pz3wU5pU%3D?revs=true&latest=true&open_revs=%5B%224-059cb43a257c6abc726b6c3376f1b392%22%5D)
=== Request error after 10768ms (/db/ThaliManagerCoordinated/BHz59y%2BEIYz0nC8%2FGvqLB8jYGUGqxh446upihsQxQxEtGRBSdXQB9dyNTk9N3SsK6veN45X3wkLnuldAfl01wO8%3D?revs=true&latest=true&open_revs=%5B%224-18140202a762efc5a600df208b240a1d%22%5D)
# setup
# test repeat write 4
=== Request error after 34ms (/NotificationBeacons)
=== Request error after 31ms (/NotificationBeacons)
=== Request error after 30ms (/NotificationBeacons)
=== Request error after 28ms (/NotificationBeacons)
=== Request time: 146ms (/NotificationBeacons)
=== Request time: 173ms (/NotificationBeacons)
=== Request time: 184ms (/NotificationBeacons)
=== Request time: 222ms (/NotificationBeacons)
=== Request time: 90ms (/db/)
=== Request error after 34ms (/NotificationBeacons)
=== Request error after 30ms (/NotificationBeacons)
=== Request error after 29ms (/NotificationBeacons)
=== Request error after 27ms (/NotificationBeacons)
=== Request time: 173ms (/NotificationBeacons)
=== Request time: 246ms (/NotificationBeacons)
=== Request time: 203ms (/NotificationBeacons)
=== Request time: 236ms (/NotificationBeacons)
=== Request time: 308ms (/NotificationBeacons)
=== Request time: 276ms (/NotificationBeacons)
=== Request time: 371ms (/NotificationBeacons)
=== Request time: 377ms (/NotificationBeacons)
=== Request time: 86ms (/db/)
=== Request time: 184ms (/db/)
=== Request time: 151ms (/NotificationBeacons)
=== Request time: 180ms (/NotificationBeacons)
=== Request time: 189ms (/NotificationBeacons)
=== Request time: 218ms (/NotificationBeacons)
=== Request time: 174ms (/db/)
=== Request time: 189ms (/NotificationBeacons)
=== Request time: 218ms (/NotificationBeacons)
=== Request time: 238ms (/NotificationBeacons)
=== Request time: 256ms (/NotificationBeacons)
=== Request time: 81ms (/db/)
=== Request time: 4492ms (/db/ThaliManagerCoordinated/_changes?timeout=25000&style=all_docs&since=0&limit=100)
=== Request time: 140ms (/NotificationBeacons)
=== Request time: 158ms (/NotificationBeacons)
=== Request time: 181ms (/NotificationBeacons)
=== Request time: 191ms (/NotificationBeacons)
=== Request time: 104ms (/db/)
=== Request time: 5496ms (/db/ThaliManagerCoordinated/_changes?timeout=25000&style=all_docs&since=0&limit=100)
=== Request time: 8037ms (/db/ThaliManagerCoordinated/_changes?timeout=25000&style=all_docs&since=0&limit=100)
=== Request time: 100ms (/NotificationBeacons)
=== Request time: 110ms (/NotificationBeacons)
=== Request time: 155ms (/NotificationBeacons)
=== Request time: 163ms (/NotificationBeacons)
=== Request time: 5946ms (/db/ThaliManagerCoordinated/_changes?timeout=25000&style=all_docs&since=0&limit=100)
=== Request time: 8197ms (/db/ThaliManagerCoordinated/_changes?timeout=25000&style=all_docs&since=0&limit=100)
=== Request time: 78ms (/db/)
=== Request time: 5425ms (/db/ThaliManagerCoordinated/_changes?timeout=25000&style=all_docs&since=13&limit=100)
=== Request time: 5432ms (/db/ThaliManagerCoordinated/_bulk_get?revs=true&latest=true)
=== Request time: 4557ms (/db/ThaliManagerCoordinated/_changes?timeout=25000&style=all_docs&since=0&limit=100)
=== Request time: 139ms (/NotificationBeacons)
=== Request time: 217ms (/NotificationBeacons)
=== Request time: 226ms (/NotificationBeacons)
=== Request time: 253ms (/NotificationBeacons)
=== Request time: 128ms (/db/)
=== Request time: 5822ms (/db/ThaliManagerCoordinated/_changes?timeout=25000&style=all_docs&since=14&limit=100)
=== Request time: 6583ms (/db/ThaliManagerCoordinated/_bulk_get?revs=true&latest=true)
# teardown
=== Request time: 7169ms (/db/ThaliManagerCoordinated/_bulk_get?revs=true&latest=true)
=== Request time: 9317ms (/db/ThaliManagerCoordinated/_changes?timeout=25000&style=all_docs&since=13&limit=100)
=== Request time: 7449ms (/db/ThaliManagerCoordinated/_changes?timeout=25000&style=all_docs&since=14&limit=100)
=== Request time: 9595ms (/db/ThaliManagerCoordinated/_bulk_get?revs=true&latest=true)
=== Request time: 124ms (/NotificationBeacons)
=== Request time: 133ms (/NotificationBeacons)
=== Request time: 159ms (/NotificationBeacons)
=== Request time: 167ms (/NotificationBeacons)
=== Request error after 4900ms (/db/ThaliManagerCoordinated/_changes?timeout=25000&style=all_docs&since=15&limit=100)
=== Request error after 4009ms (/db/ThaliManagerCoordinated/_local/thali_BJcvHauO9281jJHKfLbg7J2wI52LjqXv8iuwdeVkWn6pGhtphcA5HQPtjYcqzVM2ixmMj8hA-KmJb0sDcUwYZ7s?)
=== Request error after 3906ms (/db/ThaliManagerCoordinated/_local/R8dBYaWA_aR7_PXGjZ2L0Q%3D%3D?)
=== Request error after 8174ms (/db/ThaliManagerCoordinated/_local/thali_BJcvHauO9281jJHKfLbg7J2wI52LjqXv8iuwdeVkWn6pGhtphcA5HQPtjYcqzVM2ixmMj8hA-KmJb0sDcUwYZ7s?)
=== Request error after 8193ms (/db/ThaliManagerCoordinated/_changes?timeout=25000&style=all_docs&since=14&limit=100)
=== Request error after 8135ms (/db/ThaliManagerCoordinated/_local/bt0etmh8183fOJdiq2LFrg%3D%3D?)
=== Request error after 2218ms (/db/ThaliManagerCoordinated/_local/thali_BJcvHauO9281jJHKfLbg7J2wI52LjqXv8iuwdeVkWn6pGhtphcA5HQPtjYcqzVM2ixmMj8hA-KmJb0sDcUwYZ7s?)
=== Request error after 2142ms (/db/ThaliManagerCoordinated/_local/R8dBYaWA_aR7_PXGjZ2L0Q%3D%3D?)
=== Request error after 2002ms (/db/ThaliManagerCoordinated/_changes?timeout=25000&style=all_docs&since=15&limit=100)
=== Request error after 1912ms (/db/ThaliManagerCoordinated/_local/thali_BJcvHauO9281jJHKfLbg7J2wI52LjqXv8iuwdeVkWn6pGhtphcA5HQPtjYcqzVM2ixmMj8hA-KmJb0sDcUwYZ7s?)
=== Request error after 2278ms (/db/ThaliManagerCoordinated/_changes?timeout=25000&style=all_docs&since=14&limit=100)
=== Request error after 1890ms (/db/ThaliManagerCoordinated/_local/bt0etmh8183fOJdiq2LFrg%3D%3D?)
=== Request error after 10201ms (/db/ThaliManagerCoordinated/_changes?timeout=25000&style=all_docs&since=13&limit=100)
=== Request error after 10167ms (/db/ThaliManagerCoordinated/_bulk_get?revs=true&latest=true)
=== Request error after 7609ms (/db/ThaliManagerCoordinated/_changes?timeout=25000&style=all_docs&since=14&limit=100)
=== Request error after 7566ms (/db/ThaliManagerCoordinated/_bulk_get?revs=true&latest=true)
=== Request error after 9776ms (/db/ThaliManagerCoordinated/_changes?timeout=25000&style=all_docs&since=0&limit=100)
=== Request error after 5774ms (/db/ThaliManagerCoordinated/_changes?timeout=25000&style=all_docs&since=0&limit=100)
=== Request error after 134ms (/db/)
=== Request error after 10394ms (/db/ThaliManagerCoordinated/_local/thali_BJcvHauO9281jJHKfLbg7J2wI52LjqXv8iuwdeVkWn6pGhtphcA5HQPtjYcqzVM2ixmMj8hA-KmJb0sDcUwYZ7s?)
=== Request error after 10401ms (/db/ThaliManagerCoordinated/_local/thali_BJcvHauO9281jJHKfLbg7J2wI52LjqXv8iuwdeVkWn6pGhtphcA5HQPtjYcqzVM2ixmMj8hA-KmJb0sDcUwYZ7s?)
=== Request error after 10394ms (/db/ThaliManagerCoordinated/_local/thali_BJcvHauO9281jJHKfLbg7J2wI52LjqXv8iuwdeVkWn6pGhtphcA5HQPtjYcqzVM2ixmMj8hA-KmJb0sDcUwYZ7s?)
=== Request error after 10390ms (/db/ThaliManagerCoordinated/_local/R8dBYaWA_aR7_PXGjZ2L0Q%3D%3D?)
=== Request error after 10385ms (/db/ThaliManagerCoordinated/_local/thali_BJcvHauO9281jJHKfLbg7J2wI52LjqXv8iuwdeVkWn6pGhtphcA5HQPtjYcqzVM2ixmMj8hA-KmJb0sDcUwYZ7s?)
# setup
=== Request error after 11021ms (/db/ThaliManagerCoordinated/BHz59y%2BEIYz0nC8%2FGvqLB8jYGUGqxh446upihsQxQxEtGRBSdXQB9dyNTk9N3SsK6veN45X3wkLnuldAfl01wO8%3D?revs=true&latest=true&open_revs=%5B%225-9eda23413e095cefebb896abe9e67604%22%5D)
=== Request error after 11045ms (/db/ThaliManagerCoordinated/BO0YCDXE9xBd06fkywlqVcpgzL2fneB5J0vZO6sPkXtMJnMNOt2q249mpmC%2Fx8L8cCa8nWnNx6%2Bgb03pz3wU5pU%3D?revs=true&latest=true&open_revs=%5B%225-660ed39d82a274eefbcdea270d01294d%22%5D)
# test repeat write 5
=== Request error after 35ms (/NotificationBeacons)
=== Request error after 34ms (/NotificationBeacons)
=== Request error after 32ms (/NotificationBeacons)
=== Request error after 31ms (/NotificationBeacons)
=== Request error after 22ms (/NotificationBeacons)
=== Request error after 20ms (/NotificationBeacons)
=== Request error after 19ms (/NotificationBeacons)
=== Request error after 18ms (/NotificationBeacons)
=== Request time: 226ms (/NotificationBeacons)
=== Request time: 262ms (/NotificationBeacons)
=== Request time: 284ms (/NotificationBeacons)
=== Request time: 296ms (/NotificationBeacons)
=== Request time: 303ms (/NotificationBeacons)
=== Request time: 387ms (/NotificationBeacons)
=== Request time: 391ms (/NotificationBeacons)
=== Request time: 354ms (/NotificationBeacons)
=== Request time: 94ms (/db/)
=== Request time: 123ms (/db/)
=== Request time: 244ms (/NotificationBeacons)
=== Request time: 226ms (/NotificationBeacons)
=== Request time: 236ms (/NotificationBeacons)
=== Request time: 278ms (/NotificationBeacons)
=== Request time: 259ms (/NotificationBeacons)
=== Request time: 302ms (/NotificationBeacons)
=== Request time: 299ms (/NotificationBeacons)
=== Request time: 377ms (/NotificationBeacons)
=== Request time: 141ms (/db/)
=== Request time: 125ms (/db/)
=== Request time: 143ms (/NotificationBeacons)
=== Request time: 171ms (/NotificationBeacons)
=== Request time: 191ms (/NotificationBeacons)
=== Request time: 210ms (/NotificationBeacons)
=== Request time: 169ms (/db/)
=== Request time: 147ms (/NotificationBeacons)
=== Request time: 154ms (/NotificationBeacons)
=== Request time: 235ms (/NotificationBeacons)
=== Request time: 245ms (/NotificationBeacons)
=== Request time: 6423ms (/db/ThaliManagerCoordinated/_changes?timeout=25000&style=all_docs&since=0&limit=100)
=== Request time: 82ms (/db/)
=== Request time: 7692ms (/db/ThaliManagerCoordinated/_changes?timeout=25000&style=all_docs&since=0&limit=100)
=== Request time: 7043ms (/db/ThaliManagerCoordinated/_changes?timeout=25000&style=all_docs&since=0&limit=100)
=== Request time: 9794ms (/db/ThaliManagerCoordinated/_changes?timeout=25000&style=all_docs&since=0&limit=100)
=== Request time: 6062ms (/db/ThaliManagerCoordinated/_changes?timeout=25000&style=all_docs&since=0&limit=100)
=== Request time: 5096ms (/db/ThaliManagerCoordinated/_changes?timeout=25000&style=all_docs&since=0&limit=100)
=== Request time: 6476ms (/db/ThaliManagerCoordinated/_bulk_get?revs=true&latest=true)
=== Request time: 6797ms (/db/ThaliManagerCoordinated/_changes?timeout=25000&style=all_docs&since=17&limit=100)
=== Request time: 5800ms (/db/ThaliManagerCoordinated/_bulk_get?revs=true&latest=true)
=== Request time: 6134ms (/db/ThaliManagerCoordinated/_changes?timeout=25000&style=all_docs&since=17&limit=100)
# teardown
=== Request time: 101ms (/NotificationBeacons)
=== Request time: 159ms (/NotificationBeacons)
=== Request time: 172ms (/NotificationBeacons)
=== Request time: 181ms (/NotificationBeacons)
=== Request time: 98ms (/db/)
=== Request time: 8289ms (/db/ThaliManagerCoordinated/_changes?timeout=25000&style=all_docs&since=17&limit=100)
=== Request time: 8802ms (/db/ThaliManagerCoordinated/_bulk_get?revs=true&latest=true)
=== Request time: 131ms (/NotificationBeacons)
=== Request time: 155ms (/NotificationBeacons)
=== Request time: 165ms (/NotificationBeacons)
=== Request time: 174ms (/NotificationBeacons)
=== Request error after 5569ms (/db/ThaliManagerCoordinated/_local/thali_BJcvHauO9281jJHKfLbg7J2wI52LjqXv8iuwdeVkWn6pGhtphcA5HQPtjYcqzVM2ixmMj8hA-KmJb0sDcUwYZ7s?)
=== Request error after 5550ms (/db/ThaliManagerCoordinated/_local/4WZChYldBRnM2MDOArWSjw%3D%3D?)
=== Request error after 5521ms (/db/ThaliManagerCoordinated/_changes?timeout=25000&style=all_docs&feed=longpoll&heartbeat=10000&since=17&limit=100)
=== Request error after 6039ms (/db/ThaliManagerCoordinated/_local/thali_BJcvHauO9281jJHKfLbg7J2wI52LjqXv8iuwdeVkWn6pGhtphcA5HQPtjYcqzVM2ixmMj8hA-KmJb0sDcUwYZ7s?)
=== Request error after 5883ms (/db/ThaliManagerCoordinated/_local/gwddX_eLj8fSUcMY.cNcoQ%3D%3D?)
=== Request error after 5722ms (/db/ThaliManagerCoordinated/_changes?timeout=25000&style=all_docs&feed=longpoll&heartbeat=10000&since=17&limit=100)
=== Request error after 2019ms (/db/ThaliManagerCoordinated/_local/thali_BJcvHauO9281jJHKfLbg7J2wI52LjqXv8iuwdeVkWn6pGhtphcA5HQPtjYcqzVM2ixmMj8hA-KmJb0sDcUwYZ7s?)
=== Request error after 2313ms (/db/ThaliManagerCoordinated/_changes?timeout=25000&style=all_docs&since=18&limit=100)
=== Request error after 1989ms (/db/ThaliManagerCoordinated/_local/gwddX_eLj8fSUcMY.cNcoQ%3D%3D?)
=== Request error after 8353ms (/db/ThaliManagerCoordinated/_changes?timeout=25000&style=all_docs&since=17&limit=100)
=== Request error after 8337ms (/db/ThaliManagerCoordinated/_bulk_get?revs=true&latest=true)
=== Request error after 7665ms (/db/ThaliManagerCoordinated/_changes?timeout=25000&style=all_docs&since=17&limit=100)
=== Request error after 7635ms (/db/ThaliManagerCoordinated/_bulk_get?revs=true&latest=true)
=== Request error after 7338ms (/db/ThaliManagerCoordinated/_changes?timeout=25000&style=all_docs&since=17&limit=100)
=== Request error after 7321ms (/db/ThaliManagerCoordinated/_bulk_get?revs=true&latest=true)
=== Request error after 3294ms (/db/ThaliManagerCoordinated/_local/gwddX_eLj8fSUcMY.cNcoQ%3D%3D?)
=== Request error after 102ms (/db/)
=== Request error after 10267ms (/db/ThaliManagerCoordinated/_local/thali_BJcvHauO9281jJHKfLbg7J2wI52LjqXv8iuwdeVkWn6pGhtphcA5HQPtjYcqzVM2ixmMj8hA-KmJb0sDcUwYZ7s?)
=== Request error after 10265ms (/db/ThaliManagerCoordinated/_local/4WZChYldBRnM2MDOArWSjw%3D%3D?)
=== Request error after 10952ms (/db/ThaliManagerCoordinated/_local/thali_BJcvHauO9281jJHKfLbg7J2wI52LjqXv8iuwdeVkWn6pGhtphcA5HQPtjYcqzVM2ixmMj8hA-KmJb0sDcUwYZ7s?)
=== Request error after 10955ms (/db/ThaliManagerCoordinated/_local/gwddX_eLj8fSUcMY.cNcoQ%3D%3D?)
=== Request error after 10954ms (/db/ThaliManagerCoordinated/_local/thali_BJcvHauO9281jJHKfLbg7J2wI52LjqXv8iuwdeVkWn6pGhtphcA5HQPtjYcqzVM2ixmMj8hA-KmJb0sDcUwYZ7s?)
=== Request error after 10946ms (/db/ThaliManagerCoordinated/_local/gwddX_eLj8fSUcMY.cNcoQ%3D%3D?)
=== Request error after 10531ms (/db/ThaliManagerCoordinated/BHz59y%2BEIYz0nC8%2FGvqLB8jYGUGqxh446upihsQxQxEtGRBSdXQB9dyNTk9N3SsK6veN45X3wkLnuldAfl01wO8%3D?revs=true&latest=true&open_revs=%5B%226-2c798477782bf7edc392c502216e17a7%22%5D)
=== Request error after 10602ms (/db/ThaliManagerCoordinated/BO0YCDXE9xBd06fkywlqVcpgzL2fneB5J0vZO6sPkXtMJnMNOt2q249mpmC%2Fx8L8cCa8nWnNx6%2Bgb03pz3wU5pU%3D?revs=true&latest=true&open_revs=%5B%226-14f1bbd28a51be3b48f38b209adeaf46%22%5D)
=== Request error after 10563ms (/db/ThaliManagerCoordinated/BO0YCDXE9xBd06fkywlqVcpgzL2fneB5J0vZO6sPkXtMJnMNOt2q249mpmC%2Fx8L8cCa8nWnNx6%2Bgb03pz3wU5pU%3D?revs=true&latest=true&open_revs=%5B%226-14f1bbd28a51be3b48f38b209adeaf46%22%5D)
# setup
# test repeat write 6
=== Request error after 40ms (/NotificationBeacons)
=== Request error after 35ms (/NotificationBeacons)
=== Request error after 34ms (/NotificationBeacons)
=== Request error after 32ms (/NotificationBeacons)
=== Request time: 112ms (/NotificationBeacons)
=== Request time: 145ms (/NotificationBeacons)
=== Request time: 174ms (/NotificationBeacons)
=== Request time: 214ms (/NotificationBeacons)
=== Request error after 32ms (/NotificationBeacons)
=== Request error after 30ms (/NotificationBeacons)
=== Request error after 29ms (/NotificationBeacons)
=== Request error after 27ms (/NotificationBeacons)
=== Request time: 187ms (/NotificationBeacons)
=== Request time: 195ms (/NotificationBeacons)
=== Request time: 207ms (/NotificationBeacons)
=== Request time: 218ms (/NotificationBeacons)
=== Request time: 414ms (/db/)
=== Request time: 288ms (/NotificationBeacons)
=== Request time: 299ms (/NotificationBeacons)
=== Request time: 310ms (/NotificationBeacons)
=== Request time: 318ms (/NotificationBeacons)
=== Request time: 156ms (/db/)
=== Request time: 107ms (/db/)
=== Request time: 152ms (/NotificationBeacons)
=== Request time: 161ms (/NotificationBeacons)
=== Request time: 185ms (/NotificationBeacons)
=== Request time: 226ms (/NotificationBeacons)
=== Request time: 89ms (/db/)
=== Request time: 185ms (/NotificationBeacons)
=== Request time: 209ms (/NotificationBeacons)
=== Request time: 261ms (/NotificationBeacons)
=== Request time: 270ms (/NotificationBeacons)
=== Request time: 100ms (/db/)
=== Request time: 7164ms (/db/ThaliManagerCoordinated/_changes?timeout=25000&style=all_docs&since=0&limit=100)
=== Request time: 104ms (/NotificationBeacons)
=== Request time: 128ms (/NotificationBeacons)
=== Request time: 172ms (/NotificationBeacons)
=== Request time: 181ms (/NotificationBeacons)
=== Request time: 109ms (/db/)
=== Request time: 9338ms (/db/ThaliManagerCoordinated/_changes?timeout=25000&style=all_docs&since=0&limit=100)
=== Request time: 3962ms (/db/ThaliManagerCoordinated/_bulk_get?revs=true&latest=true)
=== Request time: 4296ms (/db/ThaliManagerCoordinated/_changes?timeout=25000&style=all_docs&since=19&limit=100)
=== Request time: 143ms (/NotificationBeacons)
=== Request time: 167ms (/NotificationBeacons)
=== Request time: 175ms (/NotificationBeacons)
=== Request time: 186ms (/NotificationBeacons)
=== Request time: 98ms (/db/)
=== Request time: 15130ms (/db/ThaliManagerCoordinated/_changes?timeout=25000&style=all_docs&since=0&limit=100)
=== Request time: 6428ms (/db/ThaliManagerCoordinated/_changes?timeout=25000&style=all_docs&since=0&limit=100)
=== Request time: 15507ms (/db/ThaliManagerCoordinated/_changes?timeout=25000&style=all_docs&since=0&limit=100)
=== Request time: 12330ms (/db/ThaliManagerCoordinated/_changes?timeout=25000&style=all_docs&since=0&limit=100)
=== Request time: 8179ms (/db/ThaliManagerCoordinated/_changes?timeout=25000&style=all_docs&since=20&limit=100)
=== Request time: 8479ms (/db/ThaliManagerCoordinated/_bulk_get?revs=true&latest=true)
=== Request time: 5992ms (/db/ThaliManagerCoordinated/_changes?timeout=25000&style=all_docs&since=0&limit=100)
=== Request time: 6427ms (/db/ThaliManagerCoordinated/_changes?timeout=25000&style=all_docs&since=21&limit=100)
=== Request time: 6815ms (/db/ThaliManagerCoordinated/_bulk_get?revs=true&latest=true)
# teardown
=== Request time: 10650ms (/db/ThaliManagerCoordinated/_local/thali_BJcvHauO9281jJHKfLbg7J2wI52LjqXv8iuwdeVkWn6pGhtphcA5HQPtjYcqzVM2ixmMj8hA-KmJb0sDcUwYZ7s?)
=== Request time: 11265ms (/db/ThaliManagerCoordinated/_local/DwYDp5CL_wUorsEmmtA0aQ%3D%3D?)
=== Request time: 12179ms (/db/ThaliManagerCoordinated/_changes?timeout=25000&style=all_docs&since=20&limit=100)
=== Request time: 8192ms (/db/ThaliManagerCoordinated/_changes?timeout=25000&style=all_docs&since=21&limit=100)
=== Request time: 8438ms (/db/ThaliManagerCoordinated/_bulk_get?revs=true&latest=true)
=== Request time: 120ms (/NotificationBeacons)
=== Request time: 129ms (/NotificationBeacons)
=== Request time: 151ms (/NotificationBeacons)
=== Request time: 161ms (/NotificationBeacons)
=== Request error after 4658ms (/db/ThaliManagerCoordinated/_changes?timeout=25000&style=all_docs&feed=longpoll&heartbeat=10000&since=21&limit=100)
=== Request error after 4422ms (/db/ThaliManagerCoordinated/_local/thali_BJcvHauO9281jJHKfLbg7J2wI52LjqXv8iuwdeVkWn6pGhtphcA5HQPtjYcqzVM2ixmMj8hA-KmJb0sDcUwYZ7s?)
=== Request error after 4297ms (/db/ThaliManagerCoordinated/_local/Pvvxae1v6wmjWQ7hc0GSqA%3D%3D?)
=== Request error after 1696ms (/db/ThaliManagerCoordinated/_changes?timeout=25000&style=all_docs&feed=longpoll&heartbeat=10000&since=20&limit=100)
=== Request error after 3522ms (/db/ThaliManagerCoordinated/_local/thali_BJcvHauO9281jJHKfLbg7J2wI52LjqXv8iuwdeVkWn6pGhtphcA5HQPtjYcqzVM2ixmMj8hA-KmJb0sDcUwYZ7s)
=== Request error after 2671ms (/db/ThaliManagerCoordinated/_local/DwYDp5CL_wUorsEmmtA0aQ%3D%3D)
=== Request error after 1385ms (/db/ThaliManagerCoordinated/_local/thali_BJcvHauO9281jJHKfLbg7J2wI52LjqXv8iuwdeVkWn6pGhtphcA5HQPtjYcqzVM2ixmMj8hA-KmJb0sDcUwYZ7s?)
=== Request error after 1687ms (/db/ThaliManagerCoordinated/_changes?timeout=25000&style=all_docs&feed=longpoll&heartbeat=10000&since=21&limit=100)
=== Request error after 1362ms (/db/ThaliManagerCoordinated/_local/Pvvxae1v6wmjWQ7hc0GSqA%3D%3D?)
=== Request error after 7253ms (/db/ThaliManagerCoordinated/_local/thali_BJcvHauO9281jJHKfLbg7J2wI52LjqXv8iuwdeVkWn6pGhtphcA5HQPtjYcqzVM2ixmMj8hA-KmJb0sDcUwYZ7s?)
=== Request error after 7307ms (/db/ThaliManagerCoordinated/_changes?timeout=25000&style=all_docs&feed=longpoll&heartbeat=10000&since=20&limit=100)
=== Request error after 7200ms (/db/ThaliManagerCoordinated/_local/DwYDp5CL_wUorsEmmtA0aQ%3D%3D?)
=== Request error after 7519ms (/db/ThaliManagerCoordinated/_changes?timeout=25000&style=all_docs&since=21&limit=100)
=== Request error after 7491ms (/db/ThaliManagerCoordinated/_bulk_get?revs=true&latest=true)
=== Request error after 10288ms (/db/ThaliManagerCoordinated/_changes?timeout=25000&style=all_docs&since=20&limit=100)
=== Request error after 10189ms (/db/ThaliManagerCoordinated/_local/DwYDp5CL_wUorsEmmtA0aQ%3D%3D?)
=== Request error after 5751ms (/db/ThaliManagerCoordinated/_changes?timeout=25000&style=all_docs&since=21&limit=100)
=== Request error after 5723ms (/db/ThaliManagerCoordinated/_bulk_get?revs=true&latest=true)
=== Request time: 148ms (/db/)
=== Request time: 11372ms (/db/ThaliManagerCoordinated/_local/thali_BJcvHauO9281jJHKfLbg7J2wI52LjqXv8iuwdeVkWn6pGhtphcA5HQPtjYcqzVM2ixmMj8hA-KmJb0sDcUwYZ7s?)
=== Request error after 12247ms (/db/ThaliManagerCoordinated/_local/thali_BJcvHauO9281jJHKfLbg7J2wI52LjqXv8iuwdeVkWn6pGhtphcA5HQPtjYcqzVM2ixmMj8hA-KmJb0sDcUwYZ7s?)
=== Request error after 12237ms (/db/ThaliManagerCoordinated/_local/thali_BJcvHauO9281jJHKfLbg7J2wI52LjqXv8iuwdeVkWn6pGhtphcA5HQPtjYcqzVM2ixmMj8hA-KmJb0sDcUwYZ7s?)
=== Request error after 11754ms (/db/ThaliManagerCoordinated/BHz59y%2BEIYz0nC8%2FGvqLB8jYGUGqxh446upihsQxQxEtGRBSdXQB9dyNTk9N3SsK6veN45X3wkLnuldAfl01wO8%3D?revs=true&latest=true&open_revs=%5B%227-c4b956894c23b40b96728fc152ab4ebb%22%5D)
=== Request error after 11738ms (/db/ThaliManagerCoordinated/BHz59y%2BEIYz0nC8%2FGvqLB8jYGUGqxh446upihsQxQxEtGRBSdXQB9dyNTk9N3SsK6veN45X3wkLnuldAfl01wO8%3D?revs=true&latest=true&open_revs=%5B%227-c4b956894c23b40b96728fc152ab4ebb%22%5D)
# setup
# test repeat write 7
=== Request error after 33ms (/NotificationBeacons)
=== Request error after 30ms (/NotificationBeacons)
=== Request error after 29ms (/NotificationBeacons)
=== Request error after 27ms (/NotificationBeacons)
=== Request time: 140ms (/NotificationBeacons)
=== Request time: 168ms (/NotificationBeacons)
=== Request time: 178ms (/NotificationBeacons)
=== Request time: 215ms (/NotificationBeacons)
=== Request error after 8ms (/NotificationBeacons)
=== Request error after 8ms (/NotificationBeacons)
=== Request error after 7ms (/NotificationBeacons)
=== Request error after 7ms (/NotificationBeacons)
=== Request time: 93ms (/NotificationBeacons)
=== Request time: 96ms (/NotificationBeacons)
=== Request time: 98ms (/NotificationBeacons)
=== Request time: 101ms (/NotificationBeacons)
=== Request time: 164ms (/db/)
=== Request time: 146ms (/NotificationBeacons)
=== Request time: 154ms (/NotificationBeacons)
=== Request time: 189ms (/NotificationBeacons)
=== Request time: 212ms (/NotificationBeacons)
=== Request time: 197ms (/db/)
=== Request time: 149ms (/NotificationBeacons)
=== Request time: 176ms (/NotificationBeacons)
=== Request time: 244ms (/NotificationBeacons)
=== Request time: 253ms (/NotificationBeacons)
=== Request time: 259ms (/db/)
=== Request time: 82ms (/db/)
=== Request time: 2696ms (/db/ThaliManagerCoordinated/_changes?timeout=25000&style=all_docs&since=0&limit=100)
=== Request time: 2360ms (/db/ThaliManagerCoordinated/_changes?timeout=25000&style=all_docs&since=0&limit=100)
=== Request time: 115ms (/NotificationBeacons)
=== Request time: 142ms (/NotificationBeacons)
=== Request time: 164ms (/NotificationBeacons)
=== Request time: 180ms (/NotificationBeacons)
=== Request time: 74ms (/db/)
=== Request time: 2773ms (/db/ThaliManagerCoordinated/_bulk_get?revs=true&latest=true)
=== Request time: 259ms (/NotificationBeacons)
=== Request time: 261ms (/NotificationBeacons)
=== Request time: 3031ms (/db/ThaliManagerCoordinated/_changes?timeout=25000&style=all_docs&since=22&limit=100)
=== Request time: 285ms (/NotificationBeacons)
=== Request time: 287ms (/NotificationBeacons)
=== Request time: 114ms (/db/)
=== Request time: 3686ms (/db/ThaliManagerCoordinated/_changes?timeout=25000&style=all_docs&since=22&limit=100)
=== Request time: 4131ms (/db/ThaliManagerCoordinated/_bulk_get?revs=true&latest=true)
=== Request time: 129ms (/NotificationBeacons)
=== Request time: 156ms (/NotificationBeacons)
=== Request time: 181ms (/NotificationBeacons)
=== Request time: 192ms (/NotificationBeacons)
=== Request time: 90ms (/db/)
=== Request time: 103ms (/NotificationBeacons)
=== Request time: 114ms (/NotificationBeacons)
=== Request time: 166ms (/NotificationBeacons)
=== Request time: 171ms (/NotificationBeacons)
=== Request time: 129ms (/db/)
=== Request time: 6234ms (/db/ThaliManagerCoordinated/_changes?timeout=25000&style=all_docs&since=0&limit=100)
=== Request time: 13032ms (/db/ThaliManagerCoordinated/_changes?timeout=25000&style=all_docs&since=0&limit=100)
=== Request time: 13367ms (/db/ThaliManagerCoordinated/_changes?timeout=25000&style=all_docs&since=0&limit=100)
=== Request time: 7672ms (/db/ThaliManagerCoordinated/_local/thali_BJcvHauO9281jJHKfLbg7J2wI52LjqXv8iuwdeVkWn6pGhtphcA5HQPtjYcqzVM2ixmMj8hA-KmJb0sDcUwYZ7s?)
=== Request time: 8245ms (/db/ThaliManagerCoordinated/_local/dk5SimcNbrtbCxYxF64tkg%3D%3D?)
=== Request time: 9402ms (/db/ThaliManagerCoordinated/_changes?timeout=25000&style=all_docs&feed=longpoll&heartbeat=10000&since=22&limit=100)
=== Request time: 8502ms (/db/ThaliManagerCoordinated/_local/thali_BJcvHauO9281jJHKfLbg7J2wI52LjqXv8iuwdeVkWn6pGhtphcA5HQPtjYcqzVM2ixmMj8hA-KmJb0sDcUwYZ7s?)
=== Request time: 9540ms (/db/ThaliManagerCoordinated/_changes?timeout=25000&style=all_docs&since=0&limit=100)
=== Request time: 9404ms (/db/ThaliManagerCoordinated/_changes?timeout=25000&style=all_docs&feed=longpoll&heartbeat=10000&since=22&limit=100)
=== Request time: 9070ms (/db/ThaliManagerCoordinated/_local/dk5SimcNbrtbCxYxF64tkg%3D%3D?)
=== Request time: 7707ms (/db/ThaliManagerCoordinated/_changes?timeout=25000&style=all_docs&since=0&limit=100)
=== Request time: 10684ms (/db/ThaliManagerCoordinated/_local/dk5SimcNbrtbCxYxF64tkg%3D%3D?)
=== Request time: 7974ms (/db/ThaliManagerCoordinated/_changes?timeout=25000&style=all_docs&since=24&limit=100)
=== Request time: 8290ms (/db/ThaliManagerCoordinated/_bulk_get?revs=true&latest=true)
# teardown
=== Request time: 8726ms (/db/ThaliManagerCoordinated/_changes?timeout=25000&style=all_docs&since=24&limit=100)
=== Request time: 11827ms (/db/ThaliManagerCoordinated/_changes?timeout=25000&style=all_docs&since=23&limit=100)
=== Request time: 9015ms (/db/ThaliManagerCoordinated/_bulk_get?revs=true&latest=true)
=== Request time: 12117ms (/db/ThaliManagerCoordinated/_local/dk5SimcNbrtbCxYxF64tkg%3D%3D?)
=== Request time: 120ms (/NotificationBeacons)
=== Request time: 129ms (/NotificationBeacons)
=== Request time: 154ms (/NotificationBeacons)
=== Request time: 163ms (/NotificationBeacons)
=== Request error after 4094ms (/db/ThaliManagerCoordinated/_changes?timeout=25000&style=all_docs&feed=longpoll&heartbeat=10000&since=24&limit=100)
=== Request error after 3930ms (/db/ThaliManagerCoordinated/_local/thali_BJcvHauO9281jJHKfLbg7J2wI52LjqXv8iuwdeVkWn6pGhtphcA5HQPtjYcqzVM2ixmMj8hA-KmJb0sDcUwYZ7s?)
=== Request error after 3398ms (/db/ThaliManagerCoordinated/_local/PGhulzbbF0FdopCzhX6s_w%3D%3D?)
=== Request error after 8788ms (/db/ThaliManagerCoordinated/_changes?timeout=25000&style=all_docs&feed=longpoll&heartbeat=10000&since=23&limit=99)
=== Request error after 10698ms (/db/ThaliManagerCoordinated/_local/thali_BJcvHauO9281jJHKfLbg7J2wI52LjqXv8iuwdeVkWn6pGhtphcA5HQPtjYcqzVM2ixmMj8hA-KmJb0sDcUwYZ7s)
=== Request error after 10030ms (/db/ThaliManagerCoordinated/_local/dk5SimcNbrtbCxYxF64tkg%3D%3D)
=== Request error after 1825ms (/db/ThaliManagerCoordinated/_local/thali_BJcvHauO9281jJHKfLbg7J2wI52LjqXv8iuwdeVkWn6pGhtphcA5HQPtjYcqzVM2ixmMj8hA-KmJb0sDcUwYZ7s?)
=== Request error after 2150ms (/db/ThaliManagerCoordinated/_changes?timeout=25000&style=all_docs&feed=longpoll&heartbeat=10000&since=24&limit=100)
=== Request error after 1792ms (/db/ThaliManagerCoordinated/_local/PGhulzbbF0FdopCzhX6s_w%3D%3D?)
=== Request error after 8016ms (/db/ThaliManagerCoordinated/_changes?timeout=25000&style=all_docs&feed=longpoll&heartbeat=10000&since=23&limit=99)
=== Request error after 8335ms (/db/ThaliManagerCoordinated/_local/thali_BJcvHauO9281jJHKfLbg7J2wI52LjqXv8iuwdeVkWn6pGhtphcA5HQPtjYcqzVM2ixmMj8hA-KmJb0sDcUwYZ7s)
=== Request error after 7692ms (/db/ThaliManagerCoordinated/_local/dk5SimcNbrtbCxYxF64tkg%3D%3D)
=== Request error after 1889ms (/db/ThaliManagerCoordinated/_changes?timeout=25000&style=all_docs&feed=longpoll&heartbeat=10000&since=23&limit=100)
=== Request error after 1492ms (/db/ThaliManagerCoordinated/_local/dk5SimcNbrtbCxYxF64tkg%3D%3D)
=== Request error after 8079ms (/db/ThaliManagerCoordinated/_changes?timeout=25000&style=all_docs&since=24&limit=100)
=== Request error after 8052ms (/db/ThaliManagerCoordinated/_bulk_get?revs=true&latest=true)
=== Request error after 5620ms (/db/ThaliManagerCoordinated/_local/dk5SimcNbrtbCxYxF64tkg%3D%3D)
=== Request error after 6092ms (/db/ThaliManagerCoordinated/_changes?timeout=25000&style=all_docs&since=24&limit=100)
=== Request error after 6060ms (/db/ThaliManagerCoordinated/_bulk_get?revs=true&latest=true)
=== Request error after 97ms (/db/)
=== Request error after 11592ms (/db/ThaliManagerCoordinated/_local/thali_BJcvHauO9281jJHKfLbg7J2wI52LjqXv8iuwdeVkWn6pGhtphcA5HQPtjYcqzVM2ixmMj8hA-KmJb0sDcUwYZ7s?)
=== Request error after 11579ms (/db/ThaliManagerCoordinated/_local/thali_BJcvHauO9281jJHKfLbg7J2wI52LjqXv8iuwdeVkWn6pGhtphcA5HQPtjYcqzVM2ixmMj8hA-KmJb0sDcUwYZ7s?)
=== Request error after 11091ms (/db/ThaliManagerCoordinated/BHz59y%2BEIYz0nC8%2FGvqLB8jYGUGqxh446upihsQxQxEtGRBSdXQB9dyNTk9N3SsK6veN45X3wkLnuldAfl01wO8%3D?revs=true&latest=true&open_revs=%5B%228-df98ef9aa1eeb4c121342dacf58f72af%22%5D)
=== Request error after 11072ms (/db/ThaliManagerCoordinated/BHz59y%2BEIYz0nC8%2FGvqLB8jYGUGqxh446upihsQxQxEtGRBSdXQB9dyNTk9N3SsK6veN45X3wkLnuldAfl01wO8%3D?revs=true&latest=true&open_revs=%5B%228-df98ef9aa1eeb4c121342dacf58f72af%22%5D)
=== Request error after 11070ms (/db/ThaliManagerCoordinated/_changes?timeout=25000&style=all_docs&since=0&limit=100)
# setup
# test repeat write 8
=== Request error after 32ms (/NotificationBeacons)
=== Request error after 31ms (/NotificationBeacons)
=== Request error after 31ms (/NotificationBeacons)
=== Request error after 30ms (/NotificationBeacons)
=== Request error after 9ms (/NotificationBeacons)
=== Request error after 9ms (/NotificationBeacons)
=== Request error after 8ms (/NotificationBeacons)
=== Request error after 7ms (/NotificationBeacons)
=== Request time: 189ms (/NotificationBeacons)
=== Request time: 566ms (/NotificationBeacons)
=== Request time: 566ms (/NotificationBeacons)
=== Request time: 200ms (/NotificationBeacons)
=== Request time: 215ms (/NotificationBeacons)
=== Request time: 218ms (/NotificationBeacons)
=== Request time: 601ms (/NotificationBeacons)
=== Request time: 602ms (/NotificationBeacons)
=== Request time: 124ms (/db/)
=== Request time: 288ms (/db/)
=== Request time: 129ms (/NotificationBeacons)
=== Request time: 184ms (/NotificationBeacons)
=== Request time: 224ms (/NotificationBeacons)
=== Request time: 248ms (/NotificationBeacons)
=== Request time: 113ms (/NotificationBeacons)
=== Request time: 139ms (/NotificationBeacons)
=== Request time: 154ms (/NotificationBeacons)
=== Request time: 192ms (/NotificationBeacons)
=== Request time: 91ms (/db/)
=== Request time: 182ms (/db/)
=== Request time: 3616ms (/db/ThaliManagerCoordinated/_changes?timeout=25000&style=all_docs&since=0&limit=100)
=== Request time: 228ms (/NotificationBeacons)
=== Request time: 261ms (/NotificationBeacons)
=== Request time: 283ms (/NotificationBeacons)
=== Request time: 294ms (/NotificationBeacons)
=== Request time: 124ms (/NotificationBeacons)
=== Request time: 134ms (/NotificationBeacons)
=== Request time: 162ms (/NotificationBeacons)
=== Request time: 188ms (/NotificationBeacons)
=== Request time: 3986ms (/db/ThaliManagerCoordinated/_changes?timeout=25000&style=all_docs&since=0&limit=100)
=== Request time: 201ms (/db/)
=== Request time: 155ms (/db/)
=== Request time: 100ms (/NotificationBeacons)
=== Request time: 146ms (/NotificationBeacons)
=== Request time: 175ms (/NotificationBeacons)
=== Request time: 185ms (/NotificationBeacons)
=== Request time: 119ms (/db/)
=== Request time: 4155ms (/db/ThaliManagerCoordinated/_bulk_get?revs=true&latest=true)
=== Request time: 4357ms (/db/ThaliManagerCoordinated/_changes?timeout=25000&style=all_docs&since=25&limit=100)
=== Request time: 4564ms (/db/ThaliManagerCoordinated/_changes?timeout=25000&style=all_docs&since=25&limit=100)
=== Request time: 4883ms (/db/ThaliManagerCoordinated/_bulk_get?revs=true&latest=true)
=== Request time: 12001ms (/db/ThaliManagerCoordinated/_changes?timeout=25000&style=all_docs&since=0&limit=100)
=== Request time: 6298ms (/db/ThaliManagerCoordinated/_changes?timeout=25000&style=all_docs&since=0&limit=100)
=== Request time: 212ms (/NotificationBeacons)
=== Request time: 235ms (/NotificationBeacons)
=== Request time: 262ms (/NotificationBeacons)
=== Request time: 272ms (/NotificationBeacons)
=== Request time: 119ms (/db/)
=== Request time: 14372ms (/db/ThaliManagerCoordinated/_changes?timeout=25000&style=all_docs&since=0&limit=100)
=== Request time: 8432ms (/db/ThaliManagerCoordinated/_local/thali_BJcvHauO9281jJHKfLbg7J2wI52LjqXv8iuwdeVkWn6pGhtphcA5HQPtjYcqzVM2ixmMj8hA-KmJb0sDcUwYZ7s?)
=== Request time: 8326ms (/db/ThaliManagerCoordinated/_local/GUHzHh0CnOqaau5cUle8FQ%3D%3D?)
=== Request time: 12318ms (/db/ThaliManagerCoordinated/_changes?timeout=25000&style=all_docs&since=0&limit=100)
=== Request time: 10938ms (/db/ThaliManagerCoordinated/_changes?timeout=25000&style=all_docs&since=0&limit=100)
=== Request time: 9630ms (/db/ThaliManagerCoordinated/_changes?timeout=25000&style=all_docs&since=26&limit=100)
=== Request time: 9129ms (/db/ThaliManagerCoordinated/_changes?timeout=25000&style=all_docs&since=26&limit=100)
=== Request time: 9014ms (/db/ThaliManagerCoordinated/_local/thali_BJcvHauO9281jJHKfLbg7J2wI52LjqXv8iuwdeVkWn6pGhtphcA5HQPtjYcqzVM2ixmMj8hA-KmJb0sDcUwYZ7s?)
=== Request time: 9257ms (/db/ThaliManagerCoordinated/_local/GUHzHh0CnOqaau5cUle8FQ%3D%3D?)
=== Request time: 8326ms (/db/ThaliManagerCoordinated/_bulk_get?revs=true&latest=true)
=== Request time: 8642ms (/db/ThaliManagerCoordinated/_changes?timeout=25000&style=all_docs&since=26&limit=100)
# teardown
=== Request time: 9821ms (/db/ThaliManagerCoordinated/_changes?timeout=25000&style=all_docs&since=26&limit=100)
=== Request time: 10072ms (/db/ThaliManagerCoordinated/_local/GUHzHh0CnOqaau5cUle8FQ%3D%3D?)
=== Request time: 103ms (/NotificationBeacons)
=== Request time: 132ms (/NotificationBeacons)
=== Request time: 159ms (/NotificationBeacons)
=== Request time: 184ms (/NotificationBeacons)
=== Request error after 2866ms (/db/ThaliManagerCoordinated/_local/thali_BJcvHauO9281jJHKfLbg7J2wI52LjqXv8iuwdeVkWn6pGhtphcA5HQPtjYcqzVM2ixmMj8hA-KmJb0sDcUwYZ7s?)
=== Request error after 2702ms (/db/ThaliManagerCoordinated/_local/uQBC1f.n.2VI818FPLxiiw%3D%3D?)
=== Request error after 2559ms (/db/ThaliManagerCoordinated/_changes?timeout=25000&style=all_docs&since=27&limit=100)
=== Request error after 4950ms (/db/ThaliManagerCoordinated/_changes?timeout=25000&style=all_docs&feed=longpoll&heartbeat=10000&since=26&limit=100)
=== Request error after 6335ms (/db/ThaliManagerCoordinated/_local/thali_BJcvHauO9281jJHKfLbg7J2wI52LjqXv8iuwdeVkWn6pGhtphcA5HQPtjYcqzVM2ixmMj8hA-KmJb0sDcUwYZ7s)
=== Request error after 6315ms (/db/ThaliManagerCoordinated/_local/GUHzHh0CnOqaau5cUle8FQ%3D%3D)
=== Request error after 4270ms (/db/ThaliManagerCoordinated/_changes?timeout=25000&style=all_docs&feed=longpoll&heartbeat=10000&since=26&limit=100)
=== Request error after 4064ms (/db/ThaliManagerCoordinated/_local/thali_BJcvHauO9281jJHKfLbg7J2wI52LjqXv8iuwdeVkWn6pGhtphcA5HQPtjYcqzVM2ixmMj8hA-KmJb0sDcUwYZ7s)
=== Request error after 3538ms (/db/ThaliManagerCoordinated/_local/GUHzHh0CnOqaau5cUle8FQ%3D%3D)
=== Request error after 7927ms (/db/ThaliManagerCoordinated/_changes?timeout=25000&style=all_docs&since=27&limit=100)
=== Request error after 7896ms (/db/ThaliManagerCoordinated/_bulk_get?revs=true&latest=true)
=== Request error after 5545ms (/db/ThaliManagerCoordinated/_changes?timeout=25000&style=all_docs&since=27&limit=100)
=== Request error after 5509ms (/db/ThaliManagerCoordinated/_bulk_get?revs=true&latest=true)
=== Request error after 1223ms (/db/ThaliManagerCoordinated/_changes?timeout=25000&style=all_docs&feed=longpoll&heartbeat=10000&since=26&limit=100)
=== Request error after 899ms (/db/ThaliManagerCoordinated/_local/GUHzHh0CnOqaau5cUle8FQ%3D%3D)
=== Request error after 5154ms (/db/ThaliManagerCoordinated/_changes?timeout=25000&style=all_docs&since=27&limit=100)
=== Request error after 5126ms (/db/ThaliManagerCoordinated/_bulk_get?revs=true&latest=true)
=== Request error after 9962ms (/db/ThaliManagerCoordinated/_changes?timeout=25000&style=all_docs&since=0&limit=100)
=== Request error after 81ms (/db/)
=== Request error after 11059ms (/db/ThaliManagerCoordinated/_local/thali_BJcvHauO9281jJHKfLbg7J2wI52LjqXv8iuwdeVkWn6pGhtphcA5HQPtjYcqzVM2ixmMj8hA-KmJb0sDcUwYZ7s?)
=== Request error after 11067ms (/db/ThaliManagerCoordinated/_local/uQBC1f.n.2VI818FPLxiiw%3D%3D?)
=== Request error after 10663ms (/db/ThaliManagerCoordinated/BHz59y%2BEIYz0nC8%2FGvqLB8jYGUGqxh446upihsQxQxEtGRBSdXQB9dyNTk9N3SsK6veN45X3wkLnuldAfl01wO8%3D?revs=true&latest=true&open_revs=%5B%229-f593d7ee8602a5a8de8e44ed4999b4a7%22%5D)
=== Request error after 10638ms (/db/ThaliManagerCoordinated/BHz59y%2BEIYz0nC8%2FGvqLB8jYGUGqxh446upihsQxQxEtGRBSdXQB9dyNTk9N3SsK6veN45X3wkLnuldAfl01wO8%3D?revs=true&latest=true&open_revs=%5B%229-f593d7ee8602a5a8de8e44ed4999b4a7%22%5D)
=== Request error after 10613ms (/db/ThaliManagerCoordinated/BHz59y%2BEIYz0nC8%2FGvqLB8jYGUGqxh446upihsQxQxEtGRBSdXQB9dyNTk9N3SsK6veN45X3wkLnuldAfl01wO8%3D?revs=true&latest=true&open_revs=%5B%229-f593d7ee8602a5a8de8e44ed4999b4a7%22%5D)
# setup
# test repeat write 9
=== Request error after 7ms (/NotificationBeacons)
=== Request error after 7ms (/NotificationBeacons)
=== Request error after 7ms (/NotificationBeacons)
=== Request error after 7ms (/NotificationBeacons)
=== Request time: 131ms (/NotificationBeacons)
=== Request time: 135ms (/NotificationBeacons)
=== Request time: 138ms (/NotificationBeacons)
=== Request time: 141ms (/NotificationBeacons)
=== Request time: 235ms (/db/)
=== Request error after 34ms (/NotificationBeacons)
=== Request error after 32ms (/NotificationBeacons)
=== Request error after 29ms (/NotificationBeacons)
=== Request error after 28ms (/NotificationBeacons)
=== Request time: 356ms (/NotificationBeacons)
=== Request time: 272ms (/NotificationBeacons)
=== Request time: 378ms (/NotificationBeacons)
=== Request time: 294ms (/NotificationBeacons)
=== Request time: 395ms (/NotificationBeacons)
=== Request time: 401ms (/NotificationBeacons)
=== Request time: 333ms (/NotificationBeacons)
=== Request time: 339ms (/NotificationBeacons)
=== Request time: 106ms (/db/)
=== Request time: 135ms (/db/)
=== Request time: 150ms (/NotificationBeacons)
=== Request time: 173ms (/NotificationBeacons)
=== Request time: 190ms (/NotificationBeacons)
=== Request time: 214ms (/NotificationBeacons)
=== Request time: 178ms (/db/)
=== Request time: 3868ms (/db/ThaliManagerCoordinated/_changes?timeout=25000&style=all_docs&since=0&limit=100)
=== Request time: 3491ms (/db/ThaliManagerCoordinated/_changes?timeout=25000&style=all_docs&since=0&limit=100)
=== Request time: 1969ms (/db/ThaliManagerCoordinated/_bulk_get?revs=true&latest=true)
=== Request time: 2567ms (/db/ThaliManagerCoordinated/_changes?timeout=25000&style=all_docs&since=28&limit=100)
=== Request time: 2531ms (/db/ThaliManagerCoordinated/_changes?timeout=25000&style=all_docs&since=28&limit=100)
=== Request time: 166ms (/NotificationBeacons)
=== Request time: 175ms (/NotificationBeacons)
=== Request time: 220ms (/NotificationBeacons)
=== Request time: 231ms (/NotificationBeacons)
=== Request time: 2973ms (/db/ThaliManagerCoordinated/_bulk_get?revs=true&latest=true)
=== Request time: 93ms (/db/)
=== Request time: 192ms (/NotificationBeacons)
=== Request time: 224ms (/NotificationBeacons)
=== Request time: 240ms (/NotificationBeacons)
=== Request time: 251ms (/NotificationBeacons)
=== Request time: 135ms (/db/)
=== Request time: 4906ms (/db/ThaliManagerCoordinated/_local/thali_BJcvHauO9281jJHKfLbg7J2wI52LjqXv8iuwdeVkWn6pGhtphcA5HQPtjYcqzVM2ixmMj8hA-KmJb0sDcUwYZ7s?)
=== Request time: 178ms (/NotificationBeacons)
=== Request time: 203ms (/NotificationBeacons)
=== Request time: 212ms (/NotificationBeacons)
=== Request time: 236ms (/NotificationBeacons)
=== Request time: 6094ms (/db/ThaliManagerCoordinated/_local/cEDEoAjrqMTRKQtNQMo92Q%3D%3D?)
=== Request time: 135ms (/db/)
=== Request time: 6818ms (/db/ThaliManagerCoordinated/_changes?timeout=25000&style=all_docs&feed=longpoll&heartbeat=10000&since=28&limit=100)
=== Request time: 7212ms (/db/ThaliManagerCoordinated/_changes?timeout=25000&style=all_docs&feed=longpoll&heartbeat=10000&since=28&limit=100)
=== Request time: 7282ms (/db/ThaliManagerCoordinated/_local/thali_BJcvHauO9281jJHKfLbg7J2wI52LjqXv8iuwdeVkWn6pGhtphcA5HQPtjYcqzVM2ixmMj8hA-KmJb0sDcUwYZ7s?)
=== Request time: 15095ms (/db/ThaliManagerCoordinated/_changes?timeout=25000&style=all_docs&since=0&limit=100)
=== Request time: 7525ms (/db/ThaliManagerCoordinated/_local/cEDEoAjrqMTRKQtNQMo92Q%3D%3D?)
=== Request time: 7929ms (/db/ThaliManagerCoordinated/_local/cEDEoAjrqMTRKQtNQMo92Q%3D%3D?)
=== Request time: 16001ms (/db/ThaliManagerCoordinated/_changes?timeout=25000&style=all_docs&since=0&limit=100)
=== Request time: 10325ms (/db/ThaliManagerCoordinated/_changes?timeout=25000&style=all_docs&since=0&limit=100)
=== Request time: 9621ms (/db/ThaliManagerCoordinated/_local/thali_BJcvHauO9281jJHKfLbg7J2wI52LjqXv8iuwdeVkWn6pGhtphcA5HQPtjYcqzVM2ixmMj8hA-KmJb0sDcUwYZ7s)
=== Request time: 8781ms (/db/ThaliManagerCoordinated/_changes?timeout=25000&style=all_docs&since=0&limit=100)
=== Request time: 9119ms (/db/ThaliManagerCoordinated/_local/cEDEoAjrqMTRKQtNQMo92Q%3D%3D)
=== Request time: 8518ms (/db/ThaliManagerCoordinated/_local/thali_BJcvHauO9281jJHKfLbg7J2wI52LjqXv8iuwdeVkWn6pGhtphcA5HQPtjYcqzVM2ixmMj8hA-KmJb0sDcUwYZ7s)
=== Request time: 10327ms (/db/ThaliManagerCoordinated/_changes?timeout=25000&style=all_docs&feed=longpoll&heartbeat=10000&since=29&limit=99)
=== Request time: 9087ms (/db/ThaliManagerCoordinated/_changes?timeout=25000&style=all_docs&feed=longpoll&heartbeat=10000&since=29&limit=99)
=== Request time: 107ms (/NotificationBeacons)
=== Request time: 116ms (/NotificationBeacons)
=== Request time: 174ms (/NotificationBeacons)
=== Request time: 183ms (/NotificationBeacons)
=== Request time: 8977ms (/db/ThaliManagerCoordinated/_local/cEDEoAjrqMTRKQtNQMo92Q%3D%3D)
=== Request time: 90ms (/db/)
=== Request time: 9724ms (/db/ThaliManagerCoordinated/_changes?timeout=25000&style=all_docs&since=30&limit=100)
=== Request time: 9031ms (/db/ThaliManagerCoordinated/_local/cEDEoAjrqMTRKQtNQMo92Q%3D%3D)
=== Request time: 10097ms (/db/ThaliManagerCoordinated/_bulk_get?revs=true&latest=true)
# teardown
=== Request error after 1334ms (/db/ThaliManagerCoordinated/_changes?timeout=25000&style=all_docs&feed=longpoll&heartbeat=10000&since=30&limit=100)
=== Request error after 9090ms (/db/ThaliManagerCoordinated/_changes?timeout=25000&style=all_docs&since=30&limit=100)
=== Request error after 5931ms (/db/ThaliManagerCoordinated/_changes?timeout=25000&style=all_docs&since=30&limit=100)
=== Request error after 4729ms (/db/ThaliManagerCoordinated/_changes?timeout=25000&style=all_docs&since=30&limit=100)
=== Request error after 865ms (/db/ThaliManagerCoordinated/_local/thali_BJcvHauO9281jJHKfLbg7J2wI52LjqXv8iuwdeVkWn6pGhtphcA5HQPtjYcqzVM2ixmMj8hA-KmJb0sDcUwYZ7s?)
=== Request error after 9087ms (/db/ThaliManagerCoordinated/_bulk_get?revs=true&latest=true)
=== Request error after 5927ms (/db/ThaliManagerCoordinated/_bulk_get?revs=true&latest=true)
=== Request error after 4735ms (/db/ThaliManagerCoordinated/_bulk_get?revs=true&latest=true)
=== Request error after 732ms (/db/ThaliManagerCoordinated/_local/azXedF6lMAHSl7AJ9RU.9A%3D%3D?)
=== Request error after 78ms (/db/ThaliManagerCoordinated/_changes?timeout=25000&style=all_docs&feed=longpoll&heartbeat=10000&since=30&limit=100)
=== Request error after 37ms (/db/ThaliManagerCoordinated/_local/thali_BJcvHauO9281jJHKfLbg7J2wI52LjqXv8iuwdeVkWn6pGhtphcA5HQPtjYcqzVM2ixmMj8hA-KmJb0sDcUwYZ7s?)
=== Request error after 2338ms (/db/ThaliManagerCoordinated/_changes?timeout=25000&style=all_docs&feed=longpoll&heartbeat=10000&since=30&limit=98)
=== Request error after 2331ms (/db/ThaliManagerCoordinated/_changes?timeout=25000&style=all_docs&feed=longpoll&heartbeat=10000&since=30&limit=98)
=== Request error after 4717ms (/db/ThaliManagerCoordinated/_local/cEDEoAjrqMTRKQtNQMo92Q%3D%3D?)
=== Request error after 1866ms (/db/ThaliManagerCoordinated/_local/cEDEoAjrqMTRKQtNQMo92Q%3D%3D?)
=== Request error after 1148ms (/db/ThaliManagerCoordinated/_changes?timeout=25000&style=all_docs&since=28&limit=100)
=== Request error after 1679ms (/db/ThaliManagerCoordinated/_local/cEDEoAjrqMTRKQtNQMo92Q%3D%3D?)
=== Request error after 140ms (/db/ThaliManagerCoordinated/_changes?timeout=25000&style=all_docs&since=30&limit=100)
=== Request error after 134ms (/db/ThaliManagerCoordinated/_changes?timeout=25000&style=all_docs&since=30&limit=100)
=== Request error after 129ms (/db/ThaliManagerCoordinated/_changes?timeout=25000&style=all_docs&since=30&limit=100)
=== Request error after 77ms (/db/ThaliManagerCoordinated/_changes?timeout=25000&style=all_docs&feed=longpoll&heartbeat=10000&since=30&limit=98)
=== Request error after 59ms (/db/ThaliManagerCoordinated/_local/cEDEoAjrqMTRKQtNQMo92Q%3D%3D?)
=== Request error after 71ms (/db/ThaliManagerCoordinated/_changes?timeout=25000&style=all_docs&feed=longpoll&heartbeat=10000&since=30&limit=98)
=== Request error after 59ms (/db/ThaliManagerCoordinated/_local/cEDEoAjrqMTRKQtNQMo92Q%3D%3D?)
=== Request error after 54ms (/db/ThaliManagerCoordinated/_changes?timeout=25000&style=all_docs&since=28&limit=100)
=== Request error after 51ms (/db/ThaliManagerCoordinated/_local/cEDEoAjrqMTRKQtNQMo92Q%3D%3D?)
=== Request error after 42ms (/db/ThaliManagerCoordinated/BHz59y%2BEIYz0nC8%2FGvqLB8jYGUGqxh446upihsQxQxEtGRBSdXQB9dyNTk9N3SsK6veN45X3wkLnuldAfl01wO8%3D?revs=true&latest=true&open_revs=%5B%2210-69c21d529cb58dd924cb63f688390ce8%22%5D)
=== Request error after 23ms (/db/ThaliManagerCoordinated/BHz59y%2BEIYz0nC8%2FGvqLB8jYGUGqxh446upihsQxQxEtGRBSdXQB9dyNTk9N3SsK6veN45X3wkLnuldAfl01wO8%3D?revs=true&latest=true&open_revs=%5B%2210-69c21d529cb58dd924cb63f688390ce8%22%5D)
=== Request error after 22ms (/db/ThaliManagerCoordinated/BHz59y%2BEIYz0nC8%2FGvqLB8jYGUGqxh446upihsQxQxEtGRBSdXQB9dyNTk9N3SsK6veN45X3wkLnuldAfl01wO8%3D?revs=true&latest=true&open_revs=%5B%2210-69c21d529cb58dd924cb63f688390ce8%22%5D)
# setup
# test repeat write 10
=== Request time: 109ms (/NotificationBeacons)
=== Request time: 254ms (/NotificationBeacons)
=== Request time: 258ms (/NotificationBeacons)
=== Request time: 168ms (/NotificationBeacons)
=== Request time: 282ms (/NotificationBeacons)
=== Request time: 179ms (/NotificationBeacons)
=== Request time: 183ms (/NotificationBeacons)
=== Request time: 306ms (/NotificationBeacons)
=== Request time: 97ms (/db/)
=== Request time: 143ms (/db/)
=== Request time: 8677ms (/db/ThaliManagerCoordinated/_changes?timeout=25000&style=all_docs&since=0&limit=100)
=== Request time: 123ms (/NotificationBeacons)
=== Request time: 134ms (/NotificationBeacons)
=== Request time: 156ms (/NotificationBeacons)
=== Request time: 166ms (/NotificationBeacons)
=== Request time: 168ms (/db/)
=== Request time: 341ms (/NotificationBeacons)
=== Request time: 372ms (/NotificationBeacons)
=== Request time: 380ms (/NotificationBeacons)
=== Request time: 391ms (/NotificationBeacons)
=== Request time: 224ms (/NotificationBeacons)
=== Request time: 233ms (/NotificationBeacons)
=== Request time: 241ms (/NotificationBeacons)
=== Request time: 260ms (/NotificationBeacons)
=== Request time: 76ms (/db/)
=== Request time: 113ms (/db/)
=== Request time: 6687ms (/db/ThaliManagerCoordinated/_changes?timeout=25000&style=all_docs&since=31&limit=100)
=== Request time: 6971ms (/db/ThaliManagerCoordinated/_bulk_get?revs=true&latest=true)
=== Request time: 8994ms (/db/ThaliManagerCoordinated/_changes?timeout=25000&style=all_docs&since=0&limit=100)
=== Request time: 9596ms (/db/ThaliManagerCoordinated/_changes?timeout=25000&style=all_docs&since=32&limit=100)
=== Request time: 25661ms (/db/ThaliManagerCoordinated/_changes?timeout=25000&style=all_docs&since=0&limit=100)
=== Request time: 9576ms (/db/ThaliManagerCoordinated/_local/thali_BJcvHauO9281jJHKfLbg7J2wI52LjqXv8iuwdeVkWn6pGhtphcA5HQPtjYcqzVM2ixmMj8hA-KmJb0sDcUwYZ7s?)
=== Request time: 10113ms (/db/ThaliManagerCoordinated/_local/gqPQ15QRTAilXIb4.Y2rfA%3D%3D?)
=== Request time: 14954ms (/db/ThaliManagerCoordinated/_changes?timeout=25000&style=all_docs&since=0&limit=100)
=== Request error after 2704ms (/db/ThaliManagerCoordinated/_changes?timeout=25000&style=all_docs&since=33&limit=100)
=== Request error after 2677ms (/db/ThaliManagerCoordinated/_bulk_get?revs=true&latest=true)
=== Request time: 15953ms (/db/ThaliManagerCoordinated/_changes?timeout=25000&style=all_docs&since=0&limit=100)
=== Request time: 11005ms (/db/ThaliManagerCoordinated/_changes?timeout=25000&style=all_docs&since=32&limit=100)
=== Request time: 11056ms (/db/ThaliManagerCoordinated/_local/gqPQ15QRTAilXIb4.Y2rfA%3D%3D?)
=== Request time: 11176ms (/db/ThaliManagerCoordinated/_local/thali_BJcvHauO9281jJHKfLbg7J2wI52LjqXv8iuwdeVkWn6pGhtphcA5HQPtjYcqzVM2ixmMj8hA-KmJb0sDcUwYZ7s)
=== Request time: 9423ms (/db/ThaliManagerCoordinated/_changes?timeout=25000&style=all_docs&since=33&limit=100)
=== Request time: 9751ms (/db/ThaliManagerCoordinated/_bulk_get?revs=true&latest=true)
=== Request time: 11212ms (/db/ThaliManagerCoordinated/_local/gqPQ15QRTAilXIb4.Y2rfA%3D%3D)
# teardown
=== Request error after 11004ms (/db/ThaliManagerCoordinated/BHz59y%2BEIYz0nC8%2FGvqLB8jYGUGqxh446upihsQxQxEtGRBSdXQB9dyNTk9N3SsK6veN45X3wkLnuldAfl01wO8%3D?revs=true&latest=true&open_revs=%5B%2211-bee41751fec5413f6356561f36b8f459%22%5D)
=== Request time: 16390ms (/db/ThaliManagerCoordinated/_changes?timeout=25000&style=all_docs&feed=longpoll&heartbeat=10000&since=32&limit=100)
=== Request time: 118ms (/NotificationBeacons)
=== Request time: 162ms (/NotificationBeacons)
=== Request time: 172ms (/NotificationBeacons)
=== Request time: 223ms (/NotificationBeacons)
=== Request error after 29ms (/db/ThaliManagerCoordinated/_changes?timeout=25000&style=all_docs&feed=longpoll&heartbeat=10000&since=33&limit=99)
=== Request error after 4185ms (/db/ThaliManagerCoordinated/_local/gqPQ15QRTAilXIb4.Y2rfA%3D%3D?)
=== Request error after 4219ms (/db/ThaliManagerCoordinated/_local/thali_BJcvHauO9281jJHKfLbg7J2wI52LjqXv8iuwdeVkWn6pGhtphcA5HQPtjYcqzVM2ixmMj8hA-KmJb0sDcUwYZ7s?)
=== Request error after 4652ms (/db/ThaliManagerCoordinated/_changes?timeout=25000&style=all_docs&feed=longpoll&heartbeat=10000&since=33&limit=100)
=== Request error after 4032ms (/db/ThaliManagerCoordinated/_local/dR3x7R_7Ve17bEXSN71m8A%3D%3D?)
=== Request error after 8366ms (/db/ThaliManagerCoordinated/_changes?timeout=25000&style=all_docs&feed=longpoll&heartbeat=10000&since=32&limit=100)
=== Request error after 7864ms (/db/ThaliManagerCoordinated/_local/gqPQ15QRTAilXIb4.Y2rfA%3D%3D)
=== Request error after 12596ms (/db/ThaliManagerCoordinated/_changes?timeout=25000&style=all_docs&since=33&limit=100)
=== Request error after 12560ms (/db/ThaliManagerCoordinated/BHz59y%2BEIYz0nC8%2FGvqLB8jYGUGqxh446upihsQxQxEtGRBSdXQB9dyNTk9N3SsK6veN45X3wkLnuldAfl01wO8%3D?revs=true&latest=true&open_revs=%5B%2211-bee41751fec5413f6356561f36b8f459%22%5D)
=== Request time: 104ms (/db/)
=== Request time: 7948ms (/db/ThaliManagerCoordinated/_local/gqPQ15QRTAilXIb4.Y2rfA%3D%3D?)
=== Request error after 9120ms (/db/ThaliManagerCoordinated/_local/thali_BJcvHauO9281jJHKfLbg7J2wI52LjqXv8iuwdeVkWn6pGhtphcA5HQPtjYcqzVM2ixmMj8hA-KmJb0sDcUwYZ7s?)
# setup
