# setup
# test write
=== Request time: 109ms (/NotificationBeacons)
=== Request time: 92ms (/db/)
=== Request time: 86ms (/NotificationBeacons)
=== Request time: 116ms (/db/)
=== Request time: 312ms (/NotificationBeacons)
=== Request time: 210ms (/db/ThaliManagerCoordinated0/_changes?timeout=25000&style=all_docs&since=0&limit=100)
=== Request time: 150ms (/db/)
=== Request time: 359ms (/db/ThaliManagerCoordinated0/_changes?timeout=25000&style=all_docs&since=0&limit=100)
=== Request time: 271ms (/db/ThaliManagerCoordinated0/_changes?timeout=25000&style=all_docs&since=0&limit=100)
=== Request time: 516ms (/db/ThaliManagerCoordinated0/_changes?timeout=25000&style=all_docs&since=1&limit=100)
=== Request time: 524ms (/db/ThaliManagerCoordinated0/_all_docs?conflicts=true&include_docs=true)
=== Request time: 298ms (/db/ThaliManagerCoordinated0/_changes?timeout=25000&style=all_docs&since=1&limit=100)
=== Request time: 396ms (/db/ThaliManagerCoordinated0/_changes?timeout=25000&style=all_docs&since=1&limit=100)
=== Request time: 610ms (/db/ThaliManagerCoordinated0/_all_docs?conflicts=true&include_docs=true)
=== Request time: 115ms (/NotificationBeacons)
=== Request time: 610ms (/db/ThaliManagerCoordinated0/_changes?timeout=25000&style=all_docs&feed=longpoll&heartbeat=10000&since=1&limit=100)
=== Request time: 1031ms (/db/ThaliManagerCoordinated0/_all_docs?conflicts=true&include_docs=true)
=== Request time: 777ms (/db/ThaliManagerCoordinated0/_local/thali_BLt37BRuVxOWi1xSA0nlgr76lbxcu12cle39xyIHADom2EAL3FkigUN00YAVKBvTfYFjXNFT6j_PxbhB4E3UYN4?)
=== Request time: 170ms (/db/)
=== Request time: 881ms (/db/ThaliManagerCoordinated0/_changes?timeout=25000&style=all_docs&feed=longpoll&heartbeat=10000&since=1&limit=100)
=== Request time: 156ms (/NotificationBeacons)
=== Request time: 1089ms (/db/ThaliManagerCoordinated0/_changes?timeout=25000&style=all_docs&feed=longpoll&heartbeat=10000&since=1&limit=100)
# teardown
=== Request time: 162ms (/db/)
=== Request time: 1307ms (/db/ThaliManagerCoordinated0/_local/_.Rvi8o3vukLCyF4cDx_cg%3D%3D?)
=== Request time: 119ms (/NotificationBeacons)
=== Request time: 1156ms (/db/ThaliManagerCoordinated0/_local/thali_BLt37BRuVxOWi1xSA0nlgr76lbxcu12cle39xyIHADom2EAL3FkigUN00YAVKBvTfYFjXNFT6j_PxbhB4E3UYN4?)
=== Request time: 107ms (/db/)
=== Request time: 1306ms (/db/ThaliManagerCoordinated0/_local/_.Rvi8o3vukLCyF4cDx_cg%3D%3D?)
=== Request error after 1205ms (/db/ThaliManagerCoordinated0/_changes?timeout=25000&style=all_docs&feed=longpoll&heartbeat=10000&since=2&limit=99)
=== Request error after 1008ms (/db/ThaliManagerCoordinated0/_local/thali_BLt37BRuVxOWi1xSA0nlgr76lbxcu12cle39xyIHADom2EAL3FkigUN00YAVKBvTfYFjXNFT6j_PxbhB4E3UYN4)
=== Request error after 451ms (/db/ThaliManagerCoordinated0/_local/_.Rvi8o3vukLCyF4cDx_cg%3D%3D)
=== Request error after 632ms (/db/ThaliManagerCoordinated0/_changes?timeout=25000&style=all_docs&feed=longpoll&heartbeat=10000&since=3&limit=98)
=== Request error after 311ms (/db/ThaliManagerCoordinated0/_local/thali_BLt37BRuVxOWi1xSA0nlgr76lbxcu12cle39xyIHADom2EAL3FkigUN00YAVKBvTfYFjXNFT6j_PxbhB4E3UYN4)
=== Request error after 955ms (/db/ThaliManagerCoordinated0/_local/thali_BLt37BRuVxOWi1xSA0nlgr76lbxcu12cle39xyIHADom2EAL3FkigUN00YAVKBvTfYFjXNFT6j_PxbhB4E3UYN4?)
=== Request error after 739ms (/db/ThaliManagerCoordinated0/_changes?timeout=25000&style=all_docs&feed=longpoll&heartbeat=10000&since=2&limit=99)
=== Request error after 728ms (/db/ThaliManagerCoordinated0/_local/ZwhR05v2s7yz8JWEy152jg%3D%3D?)
=== Request error after 937ms (/db/ThaliManagerCoordinated0/_local/_.Rvi8o3vukLCyF4cDx_cg%3D%3D?)
=== Request error after 518ms (/db/ThaliManagerCoordinated0/_local/ZwhR05v2s7yz8JWEy152jg%3D%3D?)
=== Request error after 205ms (/db/ThaliManagerCoordinated0/_local/_.Rvi8o3vukLCyF4cDx_cg%3D%3D?)
=== Request time: 1313ms (/db/ThaliManagerCoordinated0/_local/_.Rvi8o3vukLCyF4cDx_cg%3D%3D?)
=== Request time: 1344ms (/db/ThaliManagerCoordinated0/_local/thali_BLt37BRuVxOWi1xSA0nlgr76lbxcu12cle39xyIHADom2EAL3FkigUN00YAVKBvTfYFjXNFT6j_PxbhB4E3UYN4?)
=== Request time: 1345ms (/db/ThaliManagerCoordinated0/_local/_.Rvi8o3vukLCyF4cDx_cg%3D%3D?)
=== Request time: 1437ms (/db/ThaliManagerCoordinated0/_local/ZwhR05v2s7yz8JWEy152jg%3D%3D?)
=== Request time: 1336ms (/db/ThaliManagerCoordinated0/_local/_.Rvi8o3vukLCyF4cDx_cg%3D%3D)
=== Request error after 277ms (/db/ThaliManagerCoordinated0/_changes?timeout=25000&style=all_docs&since=1&limit=100)
=== Request error after 272ms (/db/ThaliManagerCoordinated0/_changes?timeout=25000&style=all_docs&since=1&limit=100)
=== Request error after 169ms (/db/ThaliManagerCoordinated0/_local/_.Rvi8o3vukLCyF4cDx_cg%3D%3D?)
=== Request error after 46ms (/db/ThaliManagerCoordinated0/_changes?timeout=25000&style=all_docs&since=1&limit=100)
=== Request error after 41ms (/db/ThaliManagerCoordinated0/_changes?timeout=25000&style=all_docs&since=1&limit=100)
=== Request error after 32ms (/db/ThaliManagerCoordinated0/_local/_.Rvi8o3vukLCyF4cDx_cg%3D%3D?)
=== Request error after 283ms (/db/ThaliManagerCoordinated0/_local/ZwhR05v2s7yz8JWEy152jg%3D%3D)
=== Request error after 27ms (/db/ThaliManagerCoordinated0/_changes?timeout=25000&style=all_docs&since=0&limit=100)
# setup
# test repeat write 1
=== Request time: 252ms (/NotificationBeacons)
=== Request time: 183ms (/NotificationBeacons)
=== Request time: 170ms (/db/)
=== Request time: 166ms (/db/)
=== Request time: 460ms (/db/ThaliManagerCoordinated0/_changes?timeout=25000&style=all_docs&since=0&limit=100)
=== Request time: 139ms (/NotificationBeacons)
=== Request time: 207ms (/db/)
=== Request time: 134ms (/NotificationBeacons)
=== Request time: 1176ms (/db/ThaliManagerCoordinated0/_changes?timeout=25000&style=all_docs&since=0&limit=100)
=== Request time: 102ms (/db/)
=== Request time: 970ms (/db/ThaliManagerCoordinated0/_changes?timeout=25000&style=all_docs&since=4&limit=100)
=== Request time: 980ms (/db/ThaliManagerCoordinated0/_bulk_get?revs=true&latest=true)
=== Request time: 108ms (/NotificationBeacons)
=== Request time: 145ms (/db/)
=== Request time: 1360ms (/db/ThaliManagerCoordinated0/_changes?timeout=25000&style=all_docs&since=0&limit=100)
=== Request time: 1218ms (/db/ThaliManagerCoordinated0/_changes?timeout=25000&style=all_docs&since=0&limit=100)
=== Request time: 1240ms (/db/ThaliManagerCoordinated0/_changes?timeout=25000&style=all_docs&since=6&limit=100)
=== Request time: 1640ms (/db/ThaliManagerCoordinated0/_changes?timeout=25000&style=all_docs&since=5&limit=100)
=== Request time: 1263ms (/db/ThaliManagerCoordinated0/_local/thali_BLt37BRuVxOWi1xSA0nlgr76lbxcu12cle39xyIHADom2EAL3FkigUN00YAVKBvTfYFjXNFT6j_PxbhB4E3UYN4?)
=== Request time: 1634ms (/db/ThaliManagerCoordinated0/_bulk_get?revs=true&latest=true)
=== Request time: 1376ms (/db/ThaliManagerCoordinated0/_local/mo4fFM2EZreJ2SDBWmyUBg%3D%3D?)
=== Request time: 1341ms (/db/ThaliManagerCoordinated0/_changes?timeout=25000&style=all_docs&since=0&limit=100)
# teardown
=== Request error after 191ms (/db/ThaliManagerCoordinated0/_local/HJzHh8eG5VnXIAec10JrUQ%3D%3D?)
=== Request error after 296ms (/db/ThaliManagerCoordinated0/_local/thali_BLt37BRuVxOWi1xSA0nlgr76lbxcu12cle39xyIHADom2EAL3FkigUN00YAVKBvTfYFjXNFT6j_PxbhB4E3UYN4?)
=== Request error after 481ms (/db/ThaliManagerCoordinated0/_changes?timeout=25000&style=all_docs&since=6&limit=100)
=== Request error after 1168ms (/db/ThaliManagerCoordinated0/_changes?timeout=25000&style=all_docs&since=6&limit=100)
=== Request error after 1136ms (/db/ThaliManagerCoordinated0/_bulk_get?revs=true&latest=true)
=== Request error after 746ms (/db/ThaliManagerCoordinated0/_changes?timeout=25000&style=all_docs&feed=longpoll&heartbeat=10000&since=6&limit=100)
=== Request error after 970ms (/db/ThaliManagerCoordinated0/_changes?timeout=25000&style=all_docs&since=6&limit=100)
=== Request error after 931ms (/db/ThaliManagerCoordinated0/_bulk_get?revs=true&latest=true)
=== Request error after 15ms (/db/ThaliManagerCoordinated0/_changes?timeout=25000&style=all_docs&since=6&limit=100)
=== Request error after 556ms (/db/ThaliManagerCoordinated0/_local/thali_BLt37BRuVxOWi1xSA0nlgr76lbxcu12cle39xyIHADom2EAL3FkigUN00YAVKBvTfYFjXNFT6j_PxbhB4E3UYN4)
=== Request error after 223ms (/db/ThaliManagerCoordinated0/_local/mo4fFM2EZreJ2SDBWmyUBg%3D%3D)
=== Request error after 38ms (/db/ThaliManagerCoordinated0/_changes?timeout=25000&style=all_docs&feed=longpoll&heartbeat=10000&since=6&limit=100)
=== Request error after 129ms (/db/ThaliManagerCoordinated0/_local/thali_BLt37BRuVxOWi1xSA0nlgr76lbxcu12cle39xyIHADom2EAL3FkigUN00YAVKBvTfYFjXNFT6j_PxbhB4E3UYN4?)
=== Request error after 119ms (/db/ThaliManagerCoordinated0/_changes?timeout=25000&style=all_docs&since=6&limit=100)
=== Request error after 89ms (/db/ThaliManagerCoordinated0/_changes?timeout=25000&style=all_docs&since=6&limit=100)
=== Request error after 23ms (/db/ThaliManagerCoordinated0/_local/HJzHh8eG5VnXIAec10JrUQ%3D%3D?)
=== Request error after 27ms (/db/ThaliManagerCoordinated0/BMg0SGkJfoV9q3D%2FANU97yvFi0M9imEkjGNJjn78Y8VqSqotA7KyxlsGK0moAys3Lp43lb9srevHW1tu6f5uPNg%3D?revs=true&latest=true&open_revs=%5B%222-3301346e5c1f73662f7add209f47c801%22%5D)
# setup
# test repeat write 2
=== Request time: 165ms (/NotificationBeacons)
=== Request time: 147ms (/NotificationBeacons)
=== Request time: 153ms (/db/)
=== Request time: 146ms (/db/)
=== Request time: 87ms (/NotificationBeacons)
=== Request time: 169ms (/NotificationBeacons)
=== Request time: 788ms (/db/ThaliManagerCoordinated0/_changes?timeout=25000&style=all_docs&since=0&limit=100)
=== Request time: 207ms (/db/)
=== Request time: 164ms (/db/)
=== Request time: 1046ms (/db/ThaliManagerCoordinated0/_changes?timeout=25000&style=all_docs&since=0&limit=100)
=== Request time: 111ms (/NotificationBeacons)
=== Request time: 126ms (/NotificationBeacons)
=== Request time: 143ms (/db/)
=== Request time: 127ms (/db/)
=== Request time: 1025ms (/db/ThaliManagerCoordinated0/_changes?timeout=25000&style=all_docs&since=8&limit=100)
=== Request time: 1263ms (/db/ThaliManagerCoordinated0/_bulk_get?revs=true&latest=true)
=== Request time: 1352ms (/db/ThaliManagerCoordinated0/_changes?timeout=25000&style=all_docs&since=0&limit=100)
# teardown
=== Request time: 1883ms (/db/ThaliManagerCoordinated0/_changes?timeout=25000&style=all_docs&since=0&limit=100)
=== Request time: 1847ms (/db/ThaliManagerCoordinated0/_changes?timeout=25000&style=all_docs&since=8&limit=100)
=== Request time: 1897ms (/db/ThaliManagerCoordinated0/_bulk_get?revs=true&latest=true)
=== Request time: 1365ms (/db/ThaliManagerCoordinated0/_changes?timeout=25000&style=all_docs&since=0&limit=100)
=== Request time: 1369ms (/db/ThaliManagerCoordinated0/_changes?timeout=25000&style=all_docs&since=9&limit=100)
=== Request time: 1722ms (/db/ThaliManagerCoordinated0/_changes?timeout=25000&style=all_docs&since=0&limit=100)
=== Request error after 648ms (/db/ThaliManagerCoordinated0/_changes?timeout=25000&style=all_docs&since=9&limit=100)
=== Request error after 511ms (/db/ThaliManagerCoordinated0/_local/thali_BLt37BRuVxOWi1xSA0nlgr76lbxcu12cle39xyIHADom2EAL3FkigUN00YAVKBvTfYFjXNFT6j_PxbhB4E3UYN4?)
=== Request error after 434ms (/db/ThaliManagerCoordinated0/_local/gBz.OiyPOxQQoH4EiPf7fQ%3D%3D?)
=== Request error after 196ms (/db/ThaliManagerCoordinated0/_changes?timeout=25000&style=all_docs&feed=longpoll&heartbeat=10000&since=9&limit=100)
=== Request error after 1315ms (/db/ThaliManagerCoordinated0/_local/thali_BLt37BRuVxOWi1xSA0nlgr76lbxcu12cle39xyIHADom2EAL3FkigUN00YAVKBvTfYFjXNFT6j_PxbhB4E3UYN4?)
=== Request error after 1107ms (/db/ThaliManagerCoordinated0/_local/_SOZFNMWlT4P6t0f7LqZFA%3D%3D?)
=== Request error after 702ms (/db/ThaliManagerCoordinated0/_changes?timeout=25000&style=all_docs&since=9&limit=100)
=== Request error after 652ms (/db/ThaliManagerCoordinated0/_local/gBz.OiyPOxQQoH4EiPf7fQ%3D%3D?)
=== Request error after 1080ms (/db/ThaliManagerCoordinated0/_changes?timeout=25000&style=all_docs&since=9&limit=100)
=== Request error after 1026ms (/db/ThaliManagerCoordinated0/_local/_SOZFNMWlT4P6t0f7LqZFA%3D%3D?)
=== Request error after 57ms (/db/ThaliManagerCoordinated0/_changes?timeout=25000&style=all_docs&since=9&limit=100)
=== Request error after 246ms (/db/ThaliManagerCoordinated0/_changes?timeout=25000&style=all_docs&since=9&limit=100)
=== Request error after 198ms (/db/ThaliManagerCoordinated0/_local/_SOZFNMWlT4P6t0f7LqZFA%3D%3D?)
=== Request error after 426ms (/db/ThaliManagerCoordinated0/_local/thali_BLt37BRuVxOWi1xSA0nlgr76lbxcu12cle39xyIHADom2EAL3FkigUN00YAVKBvTfYFjXNFT6j_PxbhB4E3UYN4?)
=== Request error after 293ms (/db/ThaliManagerCoordinated0/_local/gBz.OiyPOxQQoH4EiPf7fQ%3D%3D?)
=== Request error after 509ms (/db/ThaliManagerCoordinated0/_local/thali_BLt37BRuVxOWi1xSA0nlgr76lbxcu12cle39xyIHADom2EAL3FkigUN00YAVKBvTfYFjXNFT6j_PxbhB4E3UYN4?)
# setup
# test repeat write 3
=== Request time: 137ms (/NotificationBeacons)
=== Request time: 179ms (/NotificationBeacons)
=== Request time: 147ms (/db/)
=== Request time: 145ms (/db/)
=== Request time: 663ms (/db/ThaliManagerCoordinated0/_changes?timeout=25000&style=all_docs&since=0&limit=100)
=== Request time: 149ms (/NotificationBeacons)
=== Request time: 160ms (/NotificationBeacons)
=== Request time: 969ms (/db/ThaliManagerCoordinated0/_changes?timeout=25000&style=all_docs&since=0&limit=100)
=== Request time: 179ms (/db/)
=== Request time: 143ms (/db/)
=== Request time: 655ms (/db/ThaliManagerCoordinated0/_changes?timeout=25000&style=all_docs&since=11&limit=100)
=== Request time: 75ms (/NotificationBeacons)
=== Request time: 939ms (/db/ThaliManagerCoordinated0/_bulk_get?revs=true&latest=true)
=== Request time: 234ms (/db/)
=== Request time: 1034ms (/db/ThaliManagerCoordinated0/_changes?timeout=25000&style=all_docs&since=11&limit=100)
# teardown
=== Request time: 1046ms (/db/ThaliManagerCoordinated0/_changes?timeout=25000&style=all_docs&since=0&limit=100)
=== Request time: 1313ms (/db/ThaliManagerCoordinated0/_bulk_get?revs=true&latest=true)
=== Request time: 1344ms (/db/ThaliManagerCoordinated0/_changes?timeout=25000&style=all_docs&since=0&limit=100)
=== Request time: 1219ms (/db/ThaliManagerCoordinated0/_changes?timeout=25000&style=all_docs&since=12&limit=100)
=== Request time: 1182ms (/db/ThaliManagerCoordinated0/_local/thali_BLt37BRuVxOWi1xSA0nlgr76lbxcu12cle39xyIHADom2EAL3FkigUN00YAVKBvTfYFjXNFT6j_PxbhB4E3UYN4?)
=== Request time: 1143ms (/db/ThaliManagerCoordinated0/_local/Q88FYyO2ZiS1APEf6d70Lg%3D%3D?)
=== Request time: 1255ms (/db/ThaliManagerCoordinated0/_local/Q88FYyO2ZiS1APEf6d70Lg%3D%3D?)
=== Request error after 1282ms (/db/ThaliManagerCoordinated0/_changes?timeout=25000&style=all_docs&feed=longpoll&heartbeat=10000&since=11&limit=100)
=== Request error after 793ms (/db/ThaliManagerCoordinated0/_local/thali_BLt37BRuVxOWi1xSA0nlgr76lbxcu12cle39xyIHADom2EAL3FkigUN00YAVKBvTfYFjXNFT6j_PxbhB4E3UYN4?)
=== Request error after 716ms (/db/ThaliManagerCoordinated0/_local/p.rXYLH.Nvq2JxOfSU208Q%3D%3D?)
=== Request error after 609ms (/db/ThaliManagerCoordinated0/_changes?timeout=25000&style=all_docs&feed=longpoll&heartbeat=10000&since=12&limit=100)
=== Request error after 385ms (/db/ThaliManagerCoordinated0/_local/thali_BLt37BRuVxOWi1xSA0nlgr76lbxcu12cle39xyIHADom2EAL3FkigUN00YAVKBvTfYFjXNFT6j_PxbhB4E3UYN4)
=== Request error after 42ms (/db/ThaliManagerCoordinated0/_local/Q88FYyO2ZiS1APEf6d70Lg%3D%3D)
=== Request error after 1162ms (/db/ThaliManagerCoordinated0/_changes?timeout=25000&style=all_docs&since=12&limit=100)
=== Request error after 1128ms (/db/ThaliManagerCoordinated0/_local/Q88FYyO2ZiS1APEf6d70Lg%3D%3D?)
=== Request error after 699ms (/db/ThaliManagerCoordinated0/_changes?timeout=25000&style=all_docs&since=11&limit=100)
=== Request error after 642ms (/db/ThaliManagerCoordinated0/_local/p.rXYLH.Nvq2JxOfSU208Q%3D%3D?)
=== Request error after 177ms (/db/ThaliManagerCoordinated0/_local/Q88FYyO2ZiS1APEf6d70Lg%3D%3D)
=== Request error after 64ms (/NotificationBeacons)
=== Request error after 32ms (/db/ThaliManagerCoordinated0/_changes?timeout=25000&style=all_docs&since=0&limit=100)
=== Request time: 1254ms (/db/ThaliManagerCoordinated0/_local/thali_BLt37BRuVxOWi1xSA0nlgr76lbxcu12cle39xyIHADom2EAL3FkigUN00YAVKBvTfYFjXNFT6j_PxbhB4E3UYN4?)
# setup
# test repeat write 4
=== Request error after 3ms (/NotificationBeacons)
=== Request time: 155ms (/NotificationBeacons)
=== Request time: 104ms (/db/)
=== Request time: 305ms (/db/ThaliManagerCoordinated0/_changes?timeout=25000&style=all_docs&since=0&limit=100)
=== Request error after 3ms (/NotificationBeacons)
=== Request time: 219ms (/db/ThaliManagerCoordinated0/_changes?timeout=25000&style=all_docs&since=13&limit=100)
=== Request time: 83ms (/NotificationBeacons)
=== Request time: 169ms (/NotificationBeacons)
=== Request time: 350ms (/db/ThaliManagerCoordinated0/_bulk_get?revs=true&latest=true)
=== Request time: 245ms (/db/ThaliManagerCoordinated0/_changes?timeout=25000&style=all_docs&feed=longpoll&heartbeat=10000&since=13&limit=100)
=== Request time: 121ms (/db/)
=== Request time: 171ms (/db/)
=== Request time: 464ms (/db/ThaliManagerCoordinated0/_local/thali_BLt37BRuVxOWi1xSA0nlgr76lbxcu12cle39xyIHADom2EAL3FkigUN00YAVKBvTfYFjXNFT6j_PxbhB4E3UYN4?)
=== Request time: 428ms (/db/ThaliManagerCoordinated0/_local/jVEZmvYZu1.AqRppIbaz_Q%3D%3D?)
=== Request time: 451ms (/db/ThaliManagerCoordinated0/_changes?timeout=25000&style=all_docs&since=0&limit=100)
=== Request time: 603ms (/db/ThaliManagerCoordinated0/_local/jVEZmvYZu1.AqRppIbaz_Q%3D%3D?)
=== Request time: 163ms (/NotificationBeacons)
=== Request time: 114ms (/NotificationBeacons)
=== Request time: 97ms (/db/)
=== Request time: 168ms (/db/)
=== Request time: 592ms (/db/ThaliManagerCoordinated0/_changes?timeout=25000&style=all_docs&since=13&limit=100)
=== Request time: 623ms (/db/ThaliManagerCoordinated0/_bulk_get?revs=true&latest=true)
=== Request time: 1113ms (/db/ThaliManagerCoordinated0/_local/thali_BLt37BRuVxOWi1xSA0nlgr76lbxcu12cle39xyIHADom2EAL3FkigUN00YAVKBvTfYFjXNFT6j_PxbhB4E3UYN4)
=== Request time: 1160ms (/db/ThaliManagerCoordinated0/_local/jVEZmvYZu1.AqRppIbaz_Q%3D%3D)
=== Request time: 845ms (/db/ThaliManagerCoordinated0/_local/jVEZmvYZu1.AqRppIbaz_Q%3D%3D)
# teardown
=== Request time: 814ms (/db/ThaliManagerCoordinated0/_local/jVEZmvYZu1.AqRppIbaz_Q%3D%3D?)
=== Request time: 78ms (/NotificationBeacons)
=== Request time: 987ms (/db/ThaliManagerCoordinated0/_changes?timeout=25000&style=all_docs&since=0&limit=100)
=== Request time: 2172ms (/db/ThaliManagerCoordinated0/_changes?timeout=25000&style=all_docs&feed=longpoll&heartbeat=10000&since=14&limit=99)
=== Request time: 169ms (/db/)
=== Request time: 110ms (/NotificationBeacons)
=== Request error after 300ms (/db/ThaliManagerCoordinated0/_changes?timeout=25000&style=all_docs&feed=longpoll&heartbeat=10000&since=15&limit=98)
=== Request error after 843ms (/db/ThaliManagerCoordinated0/_local/jVEZmvYZu1.AqRppIbaz_Q%3D%3D?)
=== Request error after 837ms (/db/ThaliManagerCoordinated0/_changes?timeout=25000&style=all_docs&since=13&limit=100)
=== Request error after 1110ms (/db/ThaliManagerCoordinated0/_local/thali_BLt37BRuVxOWi1xSA0nlgr76lbxcu12cle39xyIHADom2EAL3FkigUN00YAVKBvTfYFjXNFT6j_PxbhB4E3UYN4?)
=== Request error after 1172ms (/db/ThaliManagerCoordinated0/_changes?timeout=25000&style=all_docs&feed=longpoll&heartbeat=10000&since=13&limit=100)
=== Request error after 926ms (/db/ThaliManagerCoordinated0/_local/ZDfcc7WIvhBbFYyhregMPA%3D%3D?)
=== Request error after 449ms (/db/ThaliManagerCoordinated0/_changes?timeout=25000&style=all_docs&since=13&limit=100)
=== Request error after 366ms (/db/ThaliManagerCoordinated0/_local/ZDfcc7WIvhBbFYyhregMPA%3D%3D?)
=== Request error after 776ms (/db/ThaliManagerCoordinated0/_changes?timeout=25000&style=all_docs&since=13&limit=100)
=== Request error after 220ms (/db/ThaliManagerCoordinated0/_local/ZDfcc7WIvhBbFYyhregMPA%3D%3D?)
=== Request error after 84ms (/db/)
=== Request time: 1604ms (/db/ThaliManagerCoordinated0/_local/jVEZmvYZu1.AqRppIbaz_Q%3D%3D?)
=== Request error after 1663ms (/db/ThaliManagerCoordinated0/_local/thali_BLt37BRuVxOWi1xSA0nlgr76lbxcu12cle39xyIHADom2EAL3FkigUN00YAVKBvTfYFjXNFT6j_PxbhB4E3UYN4?)
=== Request error after 1665ms (/db/ThaliManagerCoordinated0/_local/ZDfcc7WIvhBbFYyhregMPA%3D%3D?)
# setup
# test repeat write 5
=== Request error after 8ms (/NotificationBeacons)
=== Request time: 136ms (/NotificationBeacons)
=== Request time: 96ms (/db/)
=== Request time: 428ms (/db/ThaliManagerCoordinated0/_changes?timeout=25000&style=all_docs&since=0&limit=100)
=== Request error after 14ms (/NotificationBeacons)
=== Request time: 130ms (/NotificationBeacons)
=== Request time: 218ms (/NotificationBeacons)
=== Request time: 214ms (/db/ThaliManagerCoordinated0/_changes?timeout=25000&style=all_docs&since=16&limit=100)
=== Request time: 136ms (/db/)
=== Request time: 176ms (/db/)
=== Request time: 452ms (/db/ThaliManagerCoordinated0/_bulk_get?revs=true&latest=true)
=== Request time: 308ms (/db/ThaliManagerCoordinated0/_changes?timeout=25000&style=all_docs&feed=longpoll&heartbeat=10000&since=16&limit=100)
=== Request time: 118ms (/NotificationBeacons)
=== Request time: 169ms (/NotificationBeacons)
=== Request time: 764ms (/db/ThaliManagerCoordinated0/_local/thali_BLt37BRuVxOWi1xSA0nlgr76lbxcu12cle39xyIHADom2EAL3FkigUN00YAVKBvTfYFjXNFT6j_PxbhB4E3UYN4?)
=== Request time: 1105ms (/db/ThaliManagerCoordinated0/_changes?timeout=25000&style=all_docs&since=0&limit=100)
=== Request time: 107ms (/db/)
=== Request time: 1103ms (/db/ThaliManagerCoordinated0/_changes?timeout=25000&style=all_docs&since=0&limit=100)
=== Request time: 132ms (/db/)
=== Request time: 1268ms (/db/ThaliManagerCoordinated0/_local/jS0dtm0HI.3ZewjSV6avPg%3D%3D?)
=== Request time: 1396ms (/db/ThaliManagerCoordinated0/_changes?timeout=25000&style=all_docs&feed=longpoll&heartbeat=10000&since=17&limit=99)
=== Request time: 490ms (/db/ThaliManagerCoordinated0/_changes?timeout=25000&style=all_docs&since=16&limit=100)
=== Request time: 83ms (/NotificationBeacons)
=== Request time: 591ms (/db/ThaliManagerCoordinated0/_bulk_get?revs=true&latest=true)
=== Request time: 154ms (/db/)
# teardown
=== Request time: 1168ms (/db/ThaliManagerCoordinated0/_local/thali_BLt37BRuVxOWi1xSA0nlgr76lbxcu12cle39xyIHADom2EAL3FkigUN00YAVKBvTfYFjXNFT6j_PxbhB4E3UYN4)
=== Request time: 938ms (/db/ThaliManagerCoordinated0/_changes?timeout=25000&style=all_docs&since=0&limit=100)
=== Request time: 1033ms (/db/ThaliManagerCoordinated0/_local/jS0dtm0HI.3ZewjSV6avPg%3D%3D?)
=== Request time: 1115ms (/db/ThaliManagerCoordinated0/_changes?timeout=25000&style=all_docs&since=17&limit=100)
=== Request error after 1101ms (/db/ThaliManagerCoordinated0/_changes?timeout=25000&style=all_docs&feed=longpoll&heartbeat=10000&since=18&limit=98)
=== Request error after 1207ms (/db/ThaliManagerCoordinated0/_local/jS0dtm0HI.3ZewjSV6avPg%3D%3D)
=== Request error after 1054ms (/db/ThaliManagerCoordinated0/_changes?timeout=25000&style=all_docs&feed=longpoll&heartbeat=10000&since=16&limit=100)
=== Request error after 683ms (/db/ThaliManagerCoordinated0/_local/thali_BLt37BRuVxOWi1xSA0nlgr76lbxcu12cle39xyIHADom2EAL3FkigUN00YAVKBvTfYFjXNFT6j_PxbhB4E3UYN4?)
=== Request error after 618ms (/db/ThaliManagerCoordinated0/_local/WMCwsXuP.PFS03ZkuM1tQQ%3D%3D?)
=== Request error after 275ms (/db/ThaliManagerCoordinated0/_changes?timeout=25000&style=all_docs&since=18&limit=100)
=== Request error after 1340ms (/db/ThaliManagerCoordinated0/_local/jS0dtm0HI.3ZewjSV6avPg%3D%3D?)
=== Request error after 351ms (/db/ThaliManagerCoordinated0/_local/jS0dtm0HI.3ZewjSV6avPg%3D%3D)
=== Request error after 404ms (/db/ThaliManagerCoordinated0/_changes?timeout=25000&style=all_docs&since=16&limit=100)
=== Request error after 335ms (/db/ThaliManagerCoordinated0/_local/WMCwsXuP.PFS03ZkuM1tQQ%3D%3D?)
=== Request error after 588ms (/db/ThaliManagerCoordinated0/_local/jS0dtm0HI.3ZewjSV6avPg%3D%3D?)
=== Request error after 102ms (/NotificationBeacons)
=== Request time: 1486ms (/db/ThaliManagerCoordinated0/_local/thali_BLt37BRuVxOWi1xSA0nlgr76lbxcu12cle39xyIHADom2EAL3FkigUN00YAVKBvTfYFjXNFT6j_PxbhB4E3UYN4?)
=== Request error after 1673ms (/db/ThaliManagerCoordinated0/_local/jS0dtm0HI.3ZewjSV6avPg%3D%3D?)
=== Request error after 1543ms (/db/ThaliManagerCoordinated0/_changes?timeout=25000&style=all_docs&since=0&limit=100)
# setup
# test repeat write 6
=== Request time: 198ms (/NotificationBeacons)
=== Request time: 177ms (/NotificationBeacons)
=== Request time: 126ms (/db/)
=== Request time: 163ms (/db/)
=== Request time: 55ms (/NotificationBeacons)
=== Request time: 94ms (/NotificationBeacons)
=== Request time: 121ms (/db/)
=== Request time: 162ms (/db/)
=== Request time: 1402ms (/db/ThaliManagerCoordinated0/_changes?timeout=25000&style=all_docs&since=0&limit=100)
=== Request time: 1510ms (/db/ThaliManagerCoordinated0/_changes?timeout=25000&style=all_docs&since=0&limit=100)
=== Request time: 148ms (/NotificationBeacons)
=== Request time: 134ms (/NotificationBeacons)
=== Request time: 90ms (/db/)
=== Request time: 1753ms (/db/ThaliManagerCoordinated0/_changes?timeout=25000&style=all_docs&since=0&limit=100)
=== Request time: 174ms (/db/)
=== Request time: 1765ms (/db/ThaliManagerCoordinated0/_changes?timeout=25000&style=all_docs&since=20&limit=100)
=== Request time: 1991ms (/db/ThaliManagerCoordinated0/_changes?timeout=25000&style=all_docs&since=0&limit=100)
=== Request time: 1915ms (/db/ThaliManagerCoordinated0/_bulk_get?revs=true&latest=true)
=== Request time: 2046ms (/db/ThaliManagerCoordinated0/_changes?timeout=25000&style=all_docs&since=20&limit=100)
=== Request time: 2098ms (/db/ThaliManagerCoordinated0/_bulk_get?revs=true&latest=true)
# teardown
=== Request error after 1524ms (/db/ThaliManagerCoordinated0/_changes?timeout=25000&style=all_docs&since=21&limit=100)
=== Request error after 1220ms (/db/ThaliManagerCoordinated0/_local/thali_BLt37BRuVxOWi1xSA0nlgr76lbxcu12cle39xyIHADom2EAL3FkigUN00YAVKBvTfYFjXNFT6j_PxbhB4E3UYN4?)
=== Request error after 1066ms (/db/ThaliManagerCoordinated0/_local/llcKf4R_YWffbe1hD386sw%3D%3D?)
=== Request error after 1259ms (/db/ThaliManagerCoordinated0/_changes?timeout=25000&style=all_docs&since=21&limit=100)
=== Request error after 1044ms (/db/ThaliManagerCoordinated0/_local/thali_BLt37BRuVxOWi1xSA0nlgr76lbxcu12cle39xyIHADom2EAL3FkigUN00YAVKBvTfYFjXNFT6j_PxbhB4E3UYN4?)
=== Request error after 997ms (/db/ThaliManagerCoordinated0/_local/JHf_dzrxPb2YCBskHIi9Uw%3D%3D?)
=== Request error after 1675ms (/db/ThaliManagerCoordinated0/_changes?timeout=25000&style=all_docs&since=21&limit=100)
=== Request error after 1635ms (/db/ThaliManagerCoordinated0/_bulk_get?revs=true&latest=true)
=== Request error after 1404ms (/db/ThaliManagerCoordinated0/_changes?timeout=25000&style=all_docs&since=21&limit=100)
=== Request error after 1378ms (/db/ThaliManagerCoordinated0/_bulk_get?revs=true&latest=true)
=== Request error after 1619ms (/db/ThaliManagerCoordinated0/_changes?timeout=25000&style=all_docs&since=0&limit=100)
=== Request error after 1743ms (/db/ThaliManagerCoordinated0/_changes?timeout=25000&style=all_docs&since=0&limit=100)
=== Request error after 760ms (/db/ThaliManagerCoordinated0/_local/thali_BLt37BRuVxOWi1xSA0nlgr76lbxcu12cle39xyIHADom2EAL3FkigUN00YAVKBvTfYFjXNFT6j_PxbhB4E3UYN4?)
=== Request error after 651ms (/db/ThaliManagerCoordinated0/BMg0SGkJfoV9q3D%2FANU97yvFi0M9imEkjGNJjn78Y8VqSqotA7KyxlsGK0moAys3Lp43lb9srevHW1tu6f5uPNg%3D?revs=true&latest=true&open_revs=%5B%227-b2430606139605b99c957132348de62b%22%5D)
=== Request error after 653ms (/db/ThaliManagerCoordinated0/BIEVaUaQiWRpzkqBG942wjLHzLj2V4LzfYm%2BP2xyrKJbXMDUrfHCSimvdcd1uN6s%2B6%2F3iVKtl6MsVrcFQzeu%2B0Y%3D?revs=true&latest=true&open_revs=%5B%227-bcd2d92e9303eb821a80f39706aefdcc%22%5D)
=== Request error after 877ms (/db/ThaliManagerCoordinated0/_local/thali_BLt37BRuVxOWi1xSA0nlgr76lbxcu12cle39xyIHADom2EAL3FkigUN00YAVKBvTfYFjXNFT6j_PxbhB4E3UYN4?)
=== Request error after 751ms (/db/ThaliManagerCoordinated0/BIEVaUaQiWRpzkqBG942wjLHzLj2V4LzfYm%2BP2xyrKJbXMDUrfHCSimvdcd1uN6s%2B6%2F3iVKtl6MsVrcFQzeu%2B0Y%3D?revs=true&latest=true&open_revs=%5B%227-bcd2d92e9303eb821a80f39706aefdcc%22%5D)
=== Request error after 728ms (/db/ThaliManagerCoordinated0/BMg0SGkJfoV9q3D%2FANU97yvFi0M9imEkjGNJjn78Y8VqSqotA7KyxlsGK0moAys3Lp43lb9srevHW1tu6f5uPNg%3D?revs=true&latest=true&open_revs=%5B%227-b2430606139605b99c957132348de62b%22%5D)
# setup
# test repeat write 7
=== Request error after 14ms (/NotificationBeacons)
=== Request time: 128ms (/NotificationBeacons)
=== Request time: 112ms (/db/)
=== Request time: 468ms (/db/ThaliManagerCoordinated0/_changes?timeout=25000&style=all_docs&since=0&limit=100)
=== Request error after 12ms (/NotificationBeacons)
=== Request time: 148ms (/NotificationBeacons)
=== Request time: 153ms (/NotificationBeacons)
=== Request time: 323ms (/db/ThaliManagerCoordinated0/_changes?timeout=25000&style=all_docs&since=22&limit=100)
=== Request time: 184ms (/db/)
=== Request time: 150ms (/db/)
=== Request time: 488ms (/db/ThaliManagerCoordinated0/_bulk_get?revs=true&latest=true)
=== Request time: 350ms (/db/ThaliManagerCoordinated0/_changes?timeout=25000&style=all_docs&feed=longpoll&heartbeat=10000&since=22&limit=100)
=== Request time: 93ms (/NotificationBeacons)
=== Request time: 159ms (/NotificationBeacons)
=== Request time: 139ms (/db/)
=== Request time: 131ms (/db/)
=== Request time: 969ms (/db/ThaliManagerCoordinated0/_changes?timeout=25000&style=all_docs&since=0&limit=100)
=== Request time: 1016ms (/db/ThaliManagerCoordinated0/_changes?timeout=25000&style=all_docs&since=0&limit=100)
=== Request time: 1134ms (/db/ThaliManagerCoordinated0/_local/thali_BLt37BRuVxOWi1xSA0nlgr76lbxcu12cle39xyIHADom2EAL3FkigUN00YAVKBvTfYFjXNFT6j_PxbhB4E3UYN4?)
=== Request time: 1405ms (/db/ThaliManagerCoordinated0/_local/UNQc7LKDXHH5joq1KwpmOQ%3D%3D?)
=== Request time: 1766ms (/db/ThaliManagerCoordinated0/_changes?timeout=25000&style=all_docs&feed=longpoll&heartbeat=10000&since=23&limit=99)
=== Request time: 1141ms (/db/ThaliManagerCoordinated0/_changes?timeout=25000&style=all_docs&since=0&limit=100)
=== Request time: 110ms (/NotificationBeacons)
=== Request time: 1237ms (/db/ThaliManagerCoordinated0/_changes?timeout=25000&style=all_docs&since=23&limit=100)
=== Request time: 1167ms (/db/ThaliManagerCoordinated0/_local/UNQc7LKDXHH5joq1KwpmOQ%3D%3D?)
=== Request time: 1221ms (/db/ThaliManagerCoordinated0/_local/UNQc7LKDXHH5joq1KwpmOQ%3D%3D?)
=== Request time: 1326ms (/db/ThaliManagerCoordinated0/_changes?timeout=25000&style=all_docs&since=22&limit=100)
=== Request time: 1238ms (/db/ThaliManagerCoordinated0/_local/thali_BLt37BRuVxOWi1xSA0nlgr76lbxcu12cle39xyIHADom2EAL3FkigUN00YAVKBvTfYFjXNFT6j_PxbhB4E3UYN4)
=== Request time: 139ms (/db/)
=== Request time: 1440ms (/db/ThaliManagerCoordinated0/_bulk_get?revs=true&latest=true)
# teardown
=== Request time: 1266ms (/db/ThaliManagerCoordinated0/_local/UNQc7LKDXHH5joq1KwpmOQ%3D%3D)
=== Request error after 1429ms (/db/ThaliManagerCoordinated0/_changes?timeout=25000&style=all_docs&feed=longpoll&heartbeat=10000&since=24&limit=98)
=== Request error after 202ms (/db/ThaliManagerCoordinated0/_local/UNQc7LKDXHH5joq1KwpmOQ%3D%3D?)
=== Request error after 927ms (/db/ThaliManagerCoordinated0/_changes?timeout=25000&style=all_docs&since=24&limit=100)
=== Request error after 875ms (/db/ThaliManagerCoordinated0/_local/UNQc7LKDXHH5joq1KwpmOQ%3D%3D)
=== Request error after 671ms (/db/ThaliManagerCoordinated0/_local/thali_BLt37BRuVxOWi1xSA0nlgr76lbxcu12cle39xyIHADom2EAL3FkigUN00YAVKBvTfYFjXNFT6j_PxbhB4E3UYN4?)
=== Request error after 841ms (/db/ThaliManagerCoordinated0/_changes?timeout=25000&style=all_docs&feed=longpoll&heartbeat=10000&since=22&limit=100)
=== Request error after 544ms (/db/ThaliManagerCoordinated0/_local/dHwOClMHpnh_EjIyfhUt.g%3D%3D?)
=== Request error after 1397ms (/db/ThaliManagerCoordinated0/_changes?timeout=25000&style=all_docs&since=22&limit=100)
=== Request error after 1031ms (/db/ThaliManagerCoordinated0/_bulk_get?revs=true&latest=true)
=== Request error after 923ms (/db/ThaliManagerCoordinated0/_local/UNQc7LKDXHH5joq1KwpmOQ%3D%3D)
=== Request error after 783ms (/db/ThaliManagerCoordinated0/_local/UNQc7LKDXHH5joq1KwpmOQ%3D%3D?)
=== Request error after 66ms (/NotificationBeacons)
=== Request error after 74ms (/db/ThaliManagerCoordinated0/_local/UNQc7LKDXHH5joq1KwpmOQ%3D%3D?)
=== Request error after 124ms (/db/ThaliManagerCoordinated0/_local/UNQc7LKDXHH5joq1KwpmOQ%3D%3D?)
=== Request error after 26ms (/db/ThaliManagerCoordinated0/_changes?timeout=25000&style=all_docs&since=0&limit=100)
=== Request time: 1488ms (/db/ThaliManagerCoordinated0/_local/thali_BLt37BRuVxOWi1xSA0nlgr76lbxcu12cle39xyIHADom2EAL3FkigUN00YAVKBvTfYFjXNFT6j_PxbhB4E3UYN4?)
=== Request time: 1453ms (/db/ThaliManagerCoordinated0/BIEVaUaQiWRpzkqBG942wjLHzLj2V4LzfYm%2BP2xyrKJbXMDUrfHCSimvdcd1uN6s%2B6%2F3iVKtl6MsVrcFQzeu%2B0Y%3D?revs=true&latest=true&open_revs=%5B%228-b13103570eca193942bb135075fedd87%22%5D)
# setup
# test repeat write 8
=== Request error after 3ms (/NotificationBeacons)
=== Request time: 119ms (/NotificationBeacons)
=== Request time: 110ms (/db/)
=== Request error after 13ms (/NotificationBeacons)
=== Request time: 605ms (/db/ThaliManagerCoordinated0/_changes?timeout=25000&style=all_docs&since=0&limit=100)
=== Request time: 132ms (/NotificationBeacons)
=== Request time: 244ms (/NotificationBeacons)
=== Request time: 187ms (/db/ThaliManagerCoordinated0/_changes?timeout=25000&style=all_docs&since=25&limit=100)
=== Request time: 122ms (/db/)
=== Request time: 179ms (/db/)
=== Request time: 316ms (/db/ThaliManagerCoordinated0/_bulk_get?revs=true&latest=true)
=== Request time: 87ms (/NotificationBeacons)
=== Request time: 432ms (/db/ThaliManagerCoordinated0/_changes?timeout=25000&style=all_docs&feed=longpoll&heartbeat=10000&since=25&limit=100)
=== Request time: 91ms (/db/)
=== Request time: 75ms (/NotificationBeacons)
=== Request time: 917ms (/db/ThaliManagerCoordinated0/_changes?timeout=25000&style=all_docs&since=0&limit=100)
=== Request time: 151ms (/db/)
=== Request time: 1008ms (/db/ThaliManagerCoordinated0/_changes?timeout=25000&style=all_docs&since=0&limit=100)
=== Request time: 962ms (/db/ThaliManagerCoordinated0/_local/thali_BLt37BRuVxOWi1xSA0nlgr76lbxcu12cle39xyIHADom2EAL3FkigUN00YAVKBvTfYFjXNFT6j_PxbhB4E3UYN4?)
=== Request time: 92ms (/NotificationBeacons)
=== Request time: 1379ms (/db/ThaliManagerCoordinated0/_local/zEsklU9eR4Zp8sdndXhK1g%3D%3D?)
=== Request time: 100ms (/db/)
=== Request time: 1277ms (/db/ThaliManagerCoordinated0/_changes?timeout=25000&style=all_docs&since=0&limit=100)
=== Request time: 1706ms (/db/ThaliManagerCoordinated0/_changes?timeout=25000&style=all_docs&feed=longpoll&heartbeat=10000&since=26&limit=99)
=== Request time: 1306ms (/db/ThaliManagerCoordinated0/_changes?timeout=25000&style=all_docs&since=26&limit=100)
=== Request time: 1088ms (/db/ThaliManagerCoordinated0/_local/zEsklU9eR4Zp8sdndXhK1g%3D%3D?)
=== Request time: 1331ms (/db/ThaliManagerCoordinated0/_changes?timeout=25000&style=all_docs&since=25&limit=100)
=== Request time: 1424ms (/db/ThaliManagerCoordinated0/_bulk_get?revs=true&latest=true)
=== Request time: 1856ms (/db/ThaliManagerCoordinated0/_local/zEsklU9eR4Zp8sdndXhK1g%3D%3D?)
=== Request time: 1297ms (/db/ThaliManagerCoordinated0/_changes?timeout=25000&style=all_docs&since=25&limit=100)
=== Request time: 1881ms (/db/ThaliManagerCoordinated0/_local/thali_BLt37BRuVxOWi1xSA0nlgr76lbxcu12cle39xyIHADom2EAL3FkigUN00YAVKBvTfYFjXNFT6j_PxbhB4E3UYN4)
=== Request time: 1275ms (/db/ThaliManagerCoordinated0/_bulk_get?revs=true&latest=true)
=== Request time: 1735ms (/db/ThaliManagerCoordinated0/_local/zEsklU9eR4Zp8sdndXhK1g%3D%3D)
# teardown
=== Request time: 1713ms (/db/ThaliManagerCoordinated0/_local/zEsklU9eR4Zp8sdndXhK1g%3D%3D?)
=== Request time: 1491ms (/db/ThaliManagerCoordinated0/_changes?timeout=25000&style=all_docs&since=27&limit=100)
=== Request time: 1496ms (/db/ThaliManagerCoordinated0/_local/zEsklU9eR4Zp8sdndXhK1g%3D%3D)
=== Request error after 2076ms (/db/ThaliManagerCoordinated0/_changes?timeout=25000&style=all_docs&feed=longpoll&heartbeat=10000&since=27&limit=98)
=== Request error after 571ms (/db/ThaliManagerCoordinated0/_local/zEsklU9eR4Zp8sdndXhK1g%3D%3D?)
=== Request error after 965ms (/db/ThaliManagerCoordinated0/_local/thali_BLt37BRuVxOWi1xSA0nlgr76lbxcu12cle39xyIHADom2EAL3FkigUN00YAVKBvTfYFjXNFT6j_PxbhB4E3UYN4?)
=== Request error after 1001ms (/db/ThaliManagerCoordinated0/_changes?timeout=25000&style=all_docs&feed=longpoll&heartbeat=10000&since=25&limit=100)
=== Request error after 896ms (/db/ThaliManagerCoordinated0/_local/qu1gJWwakChpXplfNTn3yg%3D%3D?)
=== Request error after 460ms (/db/ThaliManagerCoordinated0/_changes?timeout=25000&style=all_docs&feed=longpoll&heartbeat=10000&since=27&limit=100)
=== Request error after 806ms (/db/ThaliManagerCoordinated0/_local/zEsklU9eR4Zp8sdndXhK1g%3D%3D)
=== Request error after 659ms (/db/ThaliManagerCoordinated0/_local/thali_BLt37BRuVxOWi1xSA0nlgr76lbxcu12cle39xyIHADom2EAL3FkigUN00YAVKBvTfYFjXNFT6j_PxbhB4E3UYN4?)
=== Request error after 714ms (/db/ThaliManagerCoordinated0/_changes?timeout=25000&style=all_docs&feed=longpoll&heartbeat=10000&since=25&limit=100)
=== Request error after 624ms (/db/ThaliManagerCoordinated0/_local/qu1gJWwakChpXplfNTn3yg%3D%3D?)
=== Request error after 202ms (/db/ThaliManagerCoordinated0/_changes?timeout=25000&style=all_docs&since=26&limit=100)
=== Request error after 584ms (/db/ThaliManagerCoordinated0/_changes?timeout=25000&style=all_docs&since=25&limit=100)
=== Request error after 64ms (/NotificationBeacons)
=== Request time: 1453ms (/db/ThaliManagerCoordinated0/_local/thali_BLt37BRuVxOWi1xSA0nlgr76lbxcu12cle39xyIHADom2EAL3FkigUN00YAVKBvTfYFjXNFT6j_PxbhB4E3UYN4?)
=== Request time: 1490ms (/db/ThaliManagerCoordinated0/_local/thali_BLt37BRuVxOWi1xSA0nlgr76lbxcu12cle39xyIHADom2EAL3FkigUN00YAVKBvTfYFjXNFT6j_PxbhB4E3UYN4?)
=== Request time: 1800ms (/db/ThaliManagerCoordinated0/_local/zEsklU9eR4Zp8sdndXhK1g%3D%3D?)
# setup
# test repeat write 9
=== Request error after 3ms (/NotificationBeacons)
=== Request time: 99ms (/NotificationBeacons)
=== Request time: 108ms (/db/)
=== Request error after 3ms (/NotificationBeacons)
=== Request time: 79ms (/NotificationBeacons)
=== Request time: 192ms (/NotificationBeacons)
=== Request time: 690ms (/db/ThaliManagerCoordinated0/_changes?timeout=25000&style=all_docs&since=0&limit=100)
=== Request time: 159ms (/db/)
=== Request time: 174ms (/db/)
=== Request time: 99ms (/NotificationBeacons)
=== Request time: 69ms (/db/)
=== Request time: 665ms (/db/ThaliManagerCoordinated0/_changes?timeout=25000&style=all_docs&since=28&limit=100)
=== Request time: 717ms (/db/ThaliManagerCoordinated0/_bulk_get?revs=true&latest=true)
=== Request time: 103ms (/NotificationBeacons)
=== Request time: 1186ms (/db/ThaliManagerCoordinated0/_changes?timeout=25000&style=all_docs&since=0&limit=100)
=== Request time: 126ms (/db/)
=== Request time: 1598ms (/db/ThaliManagerCoordinated0/_changes?timeout=25000&style=all_docs&since=0&limit=100)
=== Request time: 576ms (/db/ThaliManagerCoordinated0/_local/thali_BLt37BRuVxOWi1xSA0nlgr76lbxcu12cle39xyIHADom2EAL3FkigUN00YAVKBvTfYFjXNFT6j_PxbhB4E3UYN4?)
=== Request time: 1919ms (/db/ThaliManagerCoordinated0/_changes?timeout=25000&style=all_docs&since=0&limit=100)
=== Request time: 113ms (/NotificationBeacons)
=== Request time: 120ms (/db/)
=== Request time: 1134ms (/db/ThaliManagerCoordinated0/_changes?timeout=25000&style=all_docs&feed=longpoll&heartbeat=10000&since=28&limit=100)
=== Request time: 118ms (/NotificationBeacons)
=== Request time: 1249ms (/db/ThaliManagerCoordinated0/_changes?timeout=25000&style=all_docs&since=29&limit=100)
=== Request time: 1522ms (/db/ThaliManagerCoordinated0/_local/MSgwBu_PBoWv_uIzGU5MTQ%3D%3D?)
=== Request time: 169ms (/db/)
=== Request time: 1648ms (/db/ThaliManagerCoordinated0/_local/MSgwBu_PBoWv_uIzGU5MTQ%3D%3D?)
=== Request time: 1593ms (/db/ThaliManagerCoordinated0/_local/MSgwBu_PBoWv_uIzGU5MTQ%3D%3D?)
=== Request time: 1608ms (/db/ThaliManagerCoordinated0/_local/thali_BLt37BRuVxOWi1xSA0nlgr76lbxcu12cle39xyIHADom2EAL3FkigUN00YAVKBvTfYFjXNFT6j_PxbhB4E3UYN4)
=== Request time: 1982ms (/db/ThaliManagerCoordinated0/_changes?timeout=25000&style=all_docs&since=28&limit=100)
=== Request time: 139ms (/NotificationBeacons)
=== Request time: 147ms (/db/)
=== Request time: 2354ms (/db/ThaliManagerCoordinated0/_bulk_get?revs=true&latest=true)
=== Request time: 1616ms (/db/ThaliManagerCoordinated0/_changes?timeout=25000&style=all_docs&feed=longpoll&heartbeat=10000&since=29&limit=99)
=== Request time: 2041ms (/db/ThaliManagerCoordinated0/_changes?timeout=25000&style=all_docs&since=28&limit=100)
=== Request time: 2075ms (/db/ThaliManagerCoordinated0/_bulk_get?revs=true&latest=true)
=== Request time: 1458ms (/db/ThaliManagerCoordinated0/_changes?timeout=25000&style=all_docs&since=30&limit=100)
# teardown
=== Request time: 1531ms (/db/ThaliManagerCoordinated0/_local/MSgwBu_PBoWv_uIzGU5MTQ%3D%3D?)
=== Request time: 1741ms (/db/ThaliManagerCoordinated0/_local/MSgwBu_PBoWv_uIzGU5MTQ%3D%3D)
=== Request time: 1365ms (/db/ThaliManagerCoordinated0/_local/MSgwBu_PBoWv_uIzGU5MTQ%3D%3D)
=== Request time: 1394ms (/db/ThaliManagerCoordinated0/_local/MSgwBu_PBoWv_uIzGU5MTQ%3D%3D)
=== Request time: 2636ms (/db/ThaliManagerCoordinated0/_changes?timeout=25000&style=all_docs&since=0&limit=100)
=== Request error after 1022ms (/db/ThaliManagerCoordinated0/_changes?timeout=25000&style=all_docs&feed=longpoll&heartbeat=10000&since=30&limit=98)
=== Request error after 558ms (/db/ThaliManagerCoordinated0/_local/MSgwBu_PBoWv_uIzGU5MTQ%3D%3D?)
=== Request error after 875ms (/db/ThaliManagerCoordinated0/_changes?timeout=25000&style=all_docs&feed=longpoll&heartbeat=10000&since=30&limit=100)
=== Request error after 313ms (/db/ThaliManagerCoordinated0/_local/MSgwBu_PBoWv_uIzGU5MTQ%3D%3D?)
=== Request error after 1650ms (/db/ThaliManagerCoordinated0/_changes?timeout=25000&style=all_docs&since=29&limit=100)
=== Request error after 1151ms (/db/ThaliManagerCoordinated0/_local/thali_BLt37BRuVxOWi1xSA0nlgr76lbxcu12cle39xyIHADom2EAL3FkigUN00YAVKBvTfYFjXNFT6j_PxbhB4E3UYN4?)
=== Request error after 1034ms (/db/ThaliManagerCoordinated0/_local/NCfzF8ft2TW4Hky8pDRIZg%3D%3D?)
=== Request error after 929ms (/db/ThaliManagerCoordinated0/_local/thali_BLt37BRuVxOWi1xSA0nlgr76lbxcu12cle39xyIHADom2EAL3FkigUN00YAVKBvTfYFjXNFT6j_PxbhB4E3UYN4?)
=== Request error after 988ms (/db/ThaliManagerCoordinated0/_changes?timeout=25000&style=all_docs&since=30&limit=100)
=== Request error after 918ms (/db/ThaliManagerCoordinated0/_local/NCfzF8ft2TW4Hky8pDRIZg%3D%3D?)
=== Request error after 268ms (/db/ThaliManagerCoordinated0/_changes?timeout=25000&style=all_docs&since=29&limit=100)
=== Request error after 252ms (/db/ThaliManagerCoordinated0/_changes?timeout=25000&style=all_docs&since=30&limit=100)
=== Request error after 183ms (/db/ThaliManagerCoordinated0/_local/NCfzF8ft2TW4Hky8pDRIZg%3D%3D?)
=== Request error after 774ms (/db/ThaliManagerCoordinated0/_local/MSgwBu_PBoWv_uIzGU5MTQ%3D%3D)
=== Request error after 1358ms (/db/ThaliManagerCoordinated0/_changes?timeout=25000&style=all_docs&since=0&limit=100)
=== Request error after 916ms (/db/ThaliManagerCoordinated0/_local/thali_BLt37BRuVxOWi1xSA0nlgr76lbxcu12cle39xyIHADom2EAL3FkigUN00YAVKBvTfYFjXNFT6j_PxbhB4E3UYN4?)
=== Request error after 916ms (/db/ThaliManagerCoordinated0/_local/thali_BLt37BRuVxOWi1xSA0nlgr76lbxcu12cle39xyIHADom2EAL3FkigUN00YAVKBvTfYFjXNFT6j_PxbhB4E3UYN4?)
=== Request error after 997ms (/db/ThaliManagerCoordinated0/_local/MSgwBu_PBoWv_uIzGU5MTQ%3D%3D?)
=== Request error after 995ms (/db/ThaliManagerCoordinated0/_local/MSgwBu_PBoWv_uIzGU5MTQ%3D%3D?)
=== Request error after 893ms (/db/ThaliManagerCoordinated0/_changes?timeout=25000&style=all_docs&since=0&limit=100)
# setup
# test repeat write 10
=== Request error after 13ms (/NotificationBeacons)
=== Request time: 236ms (/NotificationBeacons)
=== Request time: 254ms (/NotificationBeacons)
=== Request time: 91ms (/db/)
=== Request time: 131ms (/db/)
=== Request time: 88ms (/NotificationBeacons)
=== Request time: 77ms (/db/)
=== Request time: 1001ms (/db/ThaliManagerCoordinated0/_changes?timeout=25000&style=all_docs&since=0&limit=100)
=== Request time: 1057ms (/db/ThaliManagerCoordinated0/_changes?timeout=25000&style=all_docs&since=0&limit=100)
=== Request time: 146ms (/db/ThaliManagerCoordinated0/_changes?timeout=25000&style=all_docs&since=31&limit=100)
=== Request time: 75ms (/NotificationBeacons)
=== Request time: 282ms (/db/ThaliManagerCoordinated0/_bulk_get?revs=true&latest=true)
=== Request time: 184ms (/db/)
=== Request time: 391ms (/db/ThaliManagerCoordinated0/_changes?timeout=25000&style=all_docs&feed=longpoll&heartbeat=10000&since=31&limit=100)
=== Request time: 108ms (/NotificationBeacons)
=== Request time: 453ms (/db/ThaliManagerCoordinated0/_local/thali_BLt37BRuVxOWi1xSA0nlgr76lbxcu12cle39xyIHADom2EAL3FkigUN00YAVKBvTfYFjXNFT6j_PxbhB4E3UYN4?)
=== Request time: 531ms (/db/ThaliManagerCoordinated0/_local/i.4NBCWQsJ92VfK3GWIwzw%3D%3D?)
=== Request time: 117ms (/db/)
=== Request time: 1763ms (/db/ThaliManagerCoordinated0/_changes?timeout=25000&style=all_docs&since=0&limit=100)
=== Request time: 1884ms (/db/ThaliManagerCoordinated0/_changes?timeout=25000&style=all_docs&since=31&limit=100)
=== Request time: 1874ms (/db/ThaliManagerCoordinated0/_bulk_get?revs=true&latest=true)
=== Request time: 350ms (/db/ThaliManagerCoordinated0/_local/i.4NBCWQsJ92VfK3GWIwzw%3D%3D?)
=== Request time: 529ms (/db/ThaliManagerCoordinated0/_local/i.4NBCWQsJ92VfK3GWIwzw%3D%3D)
=== Request time: 655ms (/db/ThaliManagerCoordinated0/_local/thali_BLt37BRuVxOWi1xSA0nlgr76lbxcu12cle39xyIHADom2EAL3FkigUN00YAVKBvTfYFjXNFT6j_PxbhB4E3UYN4)
=== Request time: 1518ms (/db/ThaliManagerCoordinated0/_changes?timeout=25000&style=all_docs&feed=longpoll&heartbeat=10000&since=32&limit=99)
# teardown
=== Request time: 601ms (/db/ThaliManagerCoordinated0/_local/i.4NBCWQsJ92VfK3GWIwzw%3D%3D?)
=== Request time: 747ms (/db/ThaliManagerCoordinated0/_local/i.4NBCWQsJ92VfK3GWIwzw%3D%3D)
=== Request time: 140ms (/NotificationBeacons)
=== Request time: 127ms (/NotificationBeacons)
=== Request error after 1142ms (/db/ThaliManagerCoordinated0/_changes?timeout=25000&style=all_docs&feed=longpoll&heartbeat=10000&since=33&limit=98)
=== Request error after 39ms (/db/ThaliManagerCoordinated0/_local/i.4NBCWQsJ92VfK3GWIwzw%3D%3D)
=== Request error after 1366ms (/db/ThaliManagerCoordinated0/_local/thali_BLt37BRuVxOWi1xSA0nlgr76lbxcu12cle39xyIHADom2EAL3FkigUN00YAVKBvTfYFjXNFT6j_PxbhB4E3UYN4?)
=== Request error after 1407ms (/db/ThaliManagerCoordinated0/_changes?timeout=25000&style=all_docs&since=32&limit=100)
=== Request error after 1300ms (/db/ThaliManagerCoordinated0/_local/HKXtZAeShIPFfFPWMoMiHQ%3D%3D?)
=== Request error after 2123ms (/db/ThaliManagerCoordinated0/_changes?timeout=25000&style=all_docs&since=31&limit=100)
=== Request error after 2106ms (/db/ThaliManagerCoordinated0/_bulk_get?revs=true&latest=true)
=== Request error after 2991ms (/db/ThaliManagerCoordinated0/_changes?timeout=25000&style=all_docs&since=0&limit=100)
=== Request time: 85ms (/db/)
=== Request time: 139ms (/db/)
=== Request time: 1904ms (/db/ThaliManagerCoordinated0/_local/thali_BLt37BRuVxOWi1xSA0nlgr76lbxcu12cle39xyIHADom2EAL3FkigUN00YAVKBvTfYFjXNFT6j_PxbhB4E3UYN4?)
=== Request time: 1895ms (/db/ThaliManagerCoordinated0/BIEVaUaQiWRpzkqBG942wjLHzLj2V4LzfYm%2BP2xyrKJbXMDUrfHCSimvdcd1uN6s%2B6%2F3iVKtl6MsVrcFQzeu%2B0Y%3D?revs=true&latest=true&open_revs=%5B%2211-0f15614daf65062caf1912782c3132e3%22%5D)
# setup
